{
  "/Users/tinnie/Desktop/EFFLORENSE tina/efflorense/src/pages/about/index.tsx": {
    "path": "/Users/tinnie/Desktop/EFFLORENSE tina/efflorense/src/pages/about/index.tsx",
    "statementMap": {
      "0": {
        "start": {
          "line": 5,
          "column": 2
        },
        "end": {
          "line": 202,
          "column": 11
        }
      }
    },
    "fnMap": {
      "0": {
        "name": "HomePage",
        "decl": {
          "start": {
            "line": 4,
            "column": 24
          },
          "end": {
            "line": 4,
            "column": 32
          }
        },
        "loc": {
          "start": {
            "line": 4,
            "column": 35
          },
          "end": {
            "line": 203,
            "column": 1
          }
        },
        "line": 4
      }
    },
    "branchMap": {},
    "s": {
      "0": 20
    },
    "f": {
      "0": 20
    },
    "b": {},
    "inputSourceMap": {
      "version": 3,
      "sources": [
        "/Users/tinnie/Desktop/EFFLORENSE tina/efflorense/src/pages/about/index.tsx"
      ],
      "mappings": "AAMM;AANN,SAAS,YAAY;AACrB,OAAO,YAAY;AAEnB,wBAAwB,WAAW;AACjC,SACE,uBAAC,aAAQ,WAAW,OAAO,MACzB;AAAA,2BAAC,QAAK,IAAG,KAAI,WAAW,OAAO,OAAO,iBAAtC;AAAA;AAAA;AAAA;AAAA,WAEA;AAAA,IACA,uBAAC,aAAQ,WAAW,OAAO,OACzB;AAAA,6BAAC,QAAG,WAAW,OAAO,cAAc,wBAApC;AAAA;AAAA;AAAA;AAAA,aAA4C;AAAA,MAE5C,uBAAC,SAAI,WAAW,OAAO,UACrB;AAAA,+BAAC,SAAI,WAAW,OAAO,cACrB;AAAA,iCAAC,SAAI,WAAW,OAAO,WAAW,0BAAlC;AAAA;AAAA;AAAA;AAAA,iBAA4C;AAAA,UAC5C,uBAAC,OAAE,WAAW,OAAO,WAAW,wHAAhC;AAAA;AAAA;AAAA;AAAA,iBAGA;AAAA,aALF;AAAA;AAAA;AAAA;AAAA,eAMA;AAAA,QACA,uBAAC,SAAI,WAAW,OAAO,cAAvB;AAAA;AAAA;AAAA;AAAA,eAAmC;AAAA,WARrC;AAAA;AAAA;AAAA;AAAA,aASA;AAAA,MAEA,uBAAC,SAAI,WAAW,OAAO,UACrB;AAAA,+BAAC,SAAI,WAAW,OAAO,eAAvB;AAAA;AAAA;AAAA;AAAA,eAAoC;AAAA,QACpC,uBAAC,SAAI,WAAW,OAAO,UACrB;AAAA,iCAAC,OAAE,WAAW,OAAO,gBAAgB,2LAArC;AAAA;AAAA;AAAA;AAAA,iBAIA;AAAA,UACA,uBAAC,SAAI,WAAW,OAAO,YAAY,yCAAnC;AAAA;AAAA;AAAA;AAAA,iBAA4D;AAAA,aAN9D;AAAA;AAAA;AAAA;AAAA,eAOA;AAAA,WATF;AAAA;AAAA;AAAA;AAAA,aAUA;AAAA,MAEA,uBAAC,SAAI,WAAW,OAAO,UACrB;AAAA,+BAAC,SAAI,WAAW,OAAO,UACrB;AAAA,iCAAC,SAAI,WAAW,OAAO,WAAW,0BAAlC;AAAA;AAAA;AAAA;AAAA,iBAA4C;AAAA,UAC5C,uBAAC,OAAE,WAAW,OAAO,gBAAgB;AAAA;AAAA,YAEnC,uBAAC,UAAD;AAAA;AAAA;AAAA;AAAA,mBAAI;AAAA,YAAE;AAAA,YAEN,uBAAC,UAAD;AAAA;AAAA;AAAA;AAAA,mBAAI;AAAA,YAAE;AAAA,eAJR;AAAA;AAAA;AAAA;AAAA,iBAMA;AAAA,aARF;AAAA;AAAA;AAAA;AAAA,eASA;AAAA,QACA,uBAAC,SAAI,WAAW,OAAO,eAAvB;AAAA;AAAA;AAAA;AAAA,eAAoC;AAAA,WAXtC;AAAA;AAAA;AAAA;AAAA,aAYA;AAAA,SAtCF;AAAA;AAAA;AAAA;AAAA,WAuCA;AAAA,IAEA,uBAAC,aAAQ,WAAW,OAAO,SACzB;AAAA,6BAAC,QAAG,WAAW,OAAO,cAAc,2BAApC;AAAA;AAAA;AAAA;AAAA,aAA+C;AAAA,MAE/C,uBAAC,SAAI,WAAW,OAAO,YACrB;AAAA,+BAAC,SAAI,WAAW,OAAO,gBAAvB;AAAA;AAAA;AAAA;AAAA,eAAqC;AAAA,QACrC,uBAAC,SAAI,WAAW,OAAO,cACrB;AAAA,iCAAC,SAAI,WAAW,OAAO,aAAa,4BAApC;AAAA;AAAA;AAAA;AAAA,iBAAgD;AAAA,UAChD,uBAAC,SAAI,WAAW,OAAO,aACrB;AAAA,mCAAC,OAAE,WAAW,OAAO,aAAa;AAAA;AAAA,cACxB,uBAAC,YAAO,0CAAR;AAAA;AAAA;AAAA;AAAA,qBAAkC;AAAA,cAAS;AAAA,cAGhC,uBAAC,YAAO,0BAAR;AAAA;AAAA;AAAA;AAAA,qBAAkB;AAAA,iBAJvC;AAAA;AAAA;AAAA;AAAA,mBAKA;AAAA,YACA,uBAAC,OAAE,WAAW,OAAO,aACnB;AAAA,qCAAC,YAAO,yCAAR;AAAA;AAAA;AAAA;AAAA,qBAAiC;AAAA,cAAS;AAAA,cACgC;AAAA,cAC1E,uBAAC,YAAO,uBAAR;AAAA;AAAA;AAAA;AAAA,qBAAe;AAAA,cAAS;AAAA,iBAH1B;AAAA;AAAA;AAAA;AAAA,mBAIA;AAAA,YACA,uBAAC,OAAE,WAAW,OAAO,aAAa,+IAAlC;AAAA;AAAA;AAAA;AAAA,mBAGA;AAAA,eAfF;AAAA;AAAA;AAAA;AAAA,iBAgBA;AAAA,aAlBF;AAAA;AAAA;AAAA;AAAA,eAmBA;AAAA,WArBF;AAAA;AAAA;AAAA;AAAA,aAsBA;AAAA,SAzBF;AAAA;AAAA;AAAA;AAAA,WA0BA;AAAA,OAvEF;AAAA;AAAA;AAAA;AAAA,SAwEA;AAEJ;",
      "names": []
    },
    "_coverageSchema": "1a1c01bbd47fc00a2c39e90264f33305004495a9",
    "hash": "009b58e5402767652858d1353bc88c71422536b6"
  },
  "/Users/tinnie/Desktop/EFFLORENSE tina/efflorense/src/pages/home/index.tsx": {
    "path": "/Users/tinnie/Desktop/EFFLORENSE tina/efflorense/src/pages/home/index.tsx",
    "statementMap": {
      "0": {
        "start": {
          "line": 5,
          "column": 2
        },
        "end": {
          "line": 271,
          "column": 11
        }
      }
    },
    "fnMap": {
      "0": {
        "name": "HomePage",
        "decl": {
          "start": {
            "line": 4,
            "column": 24
          },
          "end": {
            "line": 4,
            "column": 32
          }
        },
        "loc": {
          "start": {
            "line": 4,
            "column": 35
          },
          "end": {
            "line": 272,
            "column": 1
          }
        },
        "line": 4
      }
    },
    "branchMap": {},
    "s": {
      "0": 36
    },
    "f": {
      "0": 36
    },
    "b": {},
    "inputSourceMap": {
      "version": 3,
      "sources": [
        "/Users/tinnie/Desktop/EFFLORENSE tina/efflorense/src/pages/home/index.tsx"
      ],
      "mappings": "AAOQ;AAPR,SAAS,YAAY;AACrB,OAAO,YAAY;AAEnB,wBAAwB,WAAW;AACjC,SACE,uBAAC,aAAQ,WAAW,OAAO,MACzB;AAAA,2BAAC,YAAO,WAAW,OAAO,MACxB;AAAA,6BAAC,SAAI,WAAW,OAAO,WAAvB;AAAA;AAAA;AAAA;AAAA,aAAgC;AAAA,MAChC,uBAAC,SAAI,WAAW,OAAO,YACrB;AAAA,+BAAC,SAAI,WAAW,OAAO,UACrB,iCAAC,QAAG,WAAW,OAAO,OAAO,0BAA7B;AAAA;AAAA;AAAA;AAAA,eAAuC,KADzC;AAAA;AAAA;AAAA;AAAA,eAEA;AAAA,QACA,uBAAC,OAAE,WAAW,OAAO,UAAU,+DAA/B;AAAA;AAAA;AAAA;AAAA,eAA8E;AAAA,QAC9E,uBAAC,SAAI,WAAW,OAAO,SACrB;AAAA,iCAAC,QAAK,IAAG,kBAAiB,WAAW,OAAO,KAC1C;AAAA,mCAAC,UAAK,WAAW,OAAO,WAAxB;AAAA;AAAA;AAAA;AAAA,mBAAiC;AAAA,YACjC,uBAAC,UAAK,WAAW,OAAO,UAAU,4BAAlC;AAAA;AAAA;AAAA;AAAA,mBAA8C;AAAA,eAFhD;AAAA;AAAA;AAAA;AAAA,iBAGA;AAAA,UACA,uBAAC,QAAK,IAAG,eAAc,WAAW,OAAO,KACvC;AAAA,mCAAC,UAAK,WAAW,OAAO,WAAxB;AAAA;AAAA;AAAA;AAAA,mBAAiC;AAAA,YACjC,uBAAC,UAAK,WAAW,OAAO,UAAU,sBAAlC;AAAA;AAAA;AAAA;AAAA,mBAAwC;AAAA,eAF1C;AAAA;AAAA;AAAA;AAAA,iBAGA;AAAA,aARF;AAAA;AAAA;AAAA;AAAA,eASA;AAAA,QACA,uBAAC,SAAI,WAAW,OAAO,UAAU,iDAAjC;AAAA;AAAA;AAAA;AAAA,eAAkE;AAAA,WAfpE;AAAA;AAAA;AAAA;AAAA,aAgBA;AAAA,SAlBF;AAAA;AAAA;AAAA;AAAA,WAmBA;AAAA,IAEA,uBAAC,aAAQ,WAAW,OAAO,OACzB;AAAA,6BAAC,QAAG,WAAW,OAAO,cAAc,wBAApC;AAAA;AAAA;AAAA;AAAA,aAA4C;AAAA,MAE5C,uBAAC,SAAI,WAAW,OAAO,UACrB;AAAA,+BAAC,SAAI,WAAW,OAAO,cACrB;AAAA,iCAAC,SAAI,WAAW,OAAO,WAAW,0BAAlC;AAAA;AAAA;AAAA;AAAA,iBAA4C;AAAA,UAC5C,uBAAC,OAAE,WAAW,OAAO,WAAW,wHAAhC;AAAA;AAAA;AAAA;AAAA,iBAGA;AAAA,aALF;AAAA;AAAA;AAAA;AAAA,eAMA;AAAA,QACA,uBAAC,SAAI,WAAW,OAAO,cAAvB;AAAA;AAAA;AAAA;AAAA,eAAmC;AAAA,WARrC;AAAA;AAAA;AAAA;AAAA,aASA;AAAA,MAEA,uBAAC,SAAI,WAAW,OAAO,UACrB;AAAA,+BAAC,SAAI,WAAW,OAAO,eAAvB;AAAA;AAAA;AAAA;AAAA,eAAoC;AAAA,QACpC,uBAAC,SAAI,WAAW,OAAO,UACrB;AAAA,iCAAC,OAAE,WAAW,OAAO,gBAAgB,2LAArC;AAAA;AAAA;AAAA;AAAA,iBAIA;AAAA,UACA,uBAAC,SAAI,WAAW,OAAO,YAAY,yCAAnC;AAAA;AAAA;AAAA;AAAA,iBAA4D;AAAA,aAN9D;AAAA;AAAA;AAAA;AAAA,eAOA;AAAA,WATF;AAAA;AAAA;AAAA;AAAA,aAUA;AAAA,MAEA,uBAAC,SAAI,WAAW,OAAO,UACrB;AAAA,+BAAC,SAAI,WAAW,OAAO,UACrB;AAAA,iCAAC,SAAI,WAAW,OAAO,WAAW,0BAAlC;AAAA;AAAA;AAAA;AAAA,iBAA4C;AAAA,UAC5C,uBAAC,OAAE,WAAW,OAAO,gBAAgB;AAAA;AAAA,YAEnC,uBAAC,UAAD;AAAA;AAAA;AAAA;AAAA,mBAAI;AAAA,YAAE;AAAA,YAEN,uBAAC,UAAD;AAAA;AAAA;AAAA;AAAA,mBAAI;AAAA,YAAE;AAAA,eAJR;AAAA;AAAA;AAAA;AAAA,iBAMA;AAAA,aARF;AAAA;AAAA;AAAA;AAAA,eASA;AAAA,QACA,uBAAC,SAAI,WAAW,OAAO,eAAvB;AAAA;AAAA;AAAA;AAAA,eAAoC;AAAA,WAXtC;AAAA;AAAA;AAAA;AAAA,aAYA;AAAA,SAtCF;AAAA;AAAA;AAAA;AAAA,WAuCA;AAAA,IAEA,uBAAC,aAAQ,WAAW,OAAO,SACzB;AAAA,6BAAC,QAAG,WAAW,OAAO,cAAc,2BAApC;AAAA;AAAA;AAAA;AAAA,aAA+C;AAAA,MAE/C,uBAAC,SAAI,WAAW,OAAO,YACrB;AAAA,+BAAC,SAAI,WAAW,OAAO,gBAAvB;AAAA;AAAA;AAAA;AAAA,eAAqC;AAAA,QACrC,uBAAC,SAAI,WAAW,OAAO,cACrB;AAAA,iCAAC,SAAI,WAAW,OAAO,aAAa,4BAApC;AAAA;AAAA;AAAA;AAAA,iBAAgD;AAAA,UAChD,uBAAC,SAAI,WAAW,OAAO,aACrB;AAAA,mCAAC,OAAE,WAAW,OAAO,aAAa;AAAA;AAAA,cACxB,uBAAC,YAAO,0CAAR;AAAA;AAAA;AAAA;AAAA,qBAAkC;AAAA,cAAS;AAAA,cAGhC,uBAAC,YAAO,0BAAR;AAAA;AAAA;AAAA;AAAA,qBAAkB;AAAA,iBAJvC;AAAA;AAAA;AAAA;AAAA,mBAKA;AAAA,YACA,uBAAC,OAAE,WAAW,OAAO,aACnB;AAAA,qCAAC,YAAO,yCAAR;AAAA;AAAA;AAAA;AAAA,qBAAiC;AAAA,cAAS;AAAA,cACgC;AAAA,cAC1E,uBAAC,YAAO,uBAAR;AAAA;AAAA;AAAA;AAAA,qBAAe;AAAA,cAAS;AAAA,iBAH1B;AAAA;AAAA;AAAA;AAAA,mBAIA;AAAA,YACA,uBAAC,OAAE,WAAW,OAAO,aAAa,+IAAlC;AAAA;AAAA;AAAA;AAAA,mBAGA;AAAA,eAfF;AAAA;AAAA;AAAA;AAAA,iBAgBA;AAAA,aAlBF;AAAA;AAAA;AAAA;AAAA,eAmBA;AAAA,WArBF;AAAA;AAAA;AAAA;AAAA,aAsBA;AAAA,SAzBF;AAAA;AAAA;AAAA;AAAA,WA0BA;AAAA,OAzFF;AAAA;AAAA;AAAA;AAAA,SA0FA;AAEJ;",
      "names": []
    },
    "_coverageSchema": "1a1c01bbd47fc00a2c39e90264f33305004495a9",
    "hash": "fdae95f058ab046c23d365bfa1a3ed363454a01a"
  },
  "/Users/tinnie/Desktop/EFFLORENSE tina/efflorense/src/pages/not-found/index.tsx": {
    "path": "/Users/tinnie/Desktop/EFFLORENSE tina/efflorense/src/pages/not-found/index.tsx",
    "statementMap": {
      "0": {
        "start": {
          "line": 5,
          "column": 2
        },
        "end": {
          "line": 34,
          "column": 11
        }
      }
    },
    "fnMap": {
      "0": {
        "name": "NotFoundPage",
        "decl": {
          "start": {
            "line": 4,
            "column": 24
          },
          "end": {
            "line": 4,
            "column": 36
          }
        },
        "loc": {
          "start": {
            "line": 4,
            "column": 39
          },
          "end": {
            "line": 35,
            "column": 1
          }
        },
        "line": 4
      }
    },
    "branchMap": {},
    "s": {
      "0": 20
    },
    "f": {
      "0": 20
    },
    "b": {},
    "inputSourceMap": {
      "version": 3,
      "sources": [
        "/Users/tinnie/Desktop/EFFLORENSE tina/efflorense/src/pages/not-found/index.tsx"
      ],
      "mappings": "AAOQ;AAPR,SAAS,YAAY;AACrB,OAAO,YAAY;AAEnB,wBAAwB,eAAe;AACrC,SACE,uBAAC,SAAI,WAAW,OAAO,SACrB,iCAAC,SAAI,WAAW,OAAO,KACrB;AAAA,2BAAC,QAAG,WAAW,OAAO,OAAO,gCAA7B;AAAA;AAAA;AAAA;AAAA,WAA6C;AAAA,IAC7C,uBAAC,OAAE,WAAW,OAAO,MAAM,0DAA3B;AAAA;AAAA;AAAA;AAAA,WAAqE;AAAA,IACrE,uBAAC,OAAE,WAAW,OAAO,MAAM,uCAA3B;AAAA;AAAA;AAAA;AAAA,WAAkD;AAAA,IAClD,uBAAC,QAAK,IAAG,KAAI,WAAW,OAAO,MAAM,4BAArC;AAAA;AAAA;AAAA;AAAA,WAEA;AAAA,OANF;AAAA;AAAA;AAAA;AAAA,SAOA,KARF;AAAA;AAAA;AAAA;AAAA,SASA;AAEJ;",
      "names": []
    },
    "_coverageSchema": "1a1c01bbd47fc00a2c39e90264f33305004495a9",
    "hash": "3abbb070a5743c06811b1b19509295828a01ba6e"
  },
  "/Users/tinnie/Desktop/EFFLORENSE tina/efflorense/src/widgets/Footer/index.tsx": {
    "path": "/Users/tinnie/Desktop/EFFLORENSE tina/efflorense/src/widgets/Footer/index.tsx",
    "statementMap": {
      "0": {
        "start": {
          "line": 4,
          "column": 2
        },
        "end": {
          "line": 38,
          "column": 11
        }
      }
    },
    "fnMap": {
      "0": {
        "name": "Footer",
        "decl": {
          "start": {
            "line": 3,
            "column": 16
          },
          "end": {
            "line": 3,
            "column": 22
          }
        },
        "loc": {
          "start": {
            "line": 3,
            "column": 25
          },
          "end": {
            "line": 39,
            "column": 1
          }
        },
        "line": 3
      }
    },
    "branchMap": {},
    "s": {
      "0": 8
    },
    "f": {
      "0": 8
    },
    "b": {},
    "inputSourceMap": {
      "version": 3,
      "sources": [
        "/Users/tinnie/Desktop/EFFLORENSE tina/efflorense/src/widgets/Footer/index.tsx"
      ],
      "mappings": "AAKM;AALN,OAAO,YAAY;AAEZ,gBAAS,SAAS;AACvB,SACE,uBAAC,YAAO,WAAW,OAAO,QACxB;AAAA,2BAAC,UAAK,WAAW,GAAG,OAAO,MAAM,IAAI,OAAO,EAAE,MAA9C;AAAA;AAAA;AAAA;AAAA,WAAkD;AAAA,IAClD,uBAAC,UAAK,WAAW,GAAG,OAAO,MAAM,IAAI,OAAO,EAAE,MAA9C;AAAA;AAAA;AAAA;AAAA,WAAkD;AAAA,IAClD,uBAAC,UAAK,WAAW,GAAG,OAAO,MAAM,IAAI,OAAO,EAAE,MAA9C;AAAA;AAAA;AAAA;AAAA,WAAkD;AAAA,IAElD,uBAAC,QAAG,WAAW,OAAO,OAAO,kCAA7B;AAAA;AAAA;AAAA;AAAA,WAA+C;AAAA,IAE/C,uBAAC,SAAI,WAAW,OAAO,UACrB,iCAAC,SAAI,WAAW,OAAO,OAAO,0BAA9B;AAAA;AAAA;AAAA;AAAA,WAAwC,KAD1C;AAAA;AAAA;AAAA;AAAA,WAEA;AAAA,OATF;AAAA;AAAA;AAAA;AAAA,SAUA;AAEJ;",
      "names": []
    },
    "_coverageSchema": "1a1c01bbd47fc00a2c39e90264f33305004495a9",
    "hash": "beae21a74b9187ae553912587e647d28fa0c0947"
  },
  "/Users/tinnie/Desktop/EFFLORENSE tina/efflorense/src/widgets/MenuFab/MenuFab.tsx": {
    "path": "/Users/tinnie/Desktop/EFFLORENSE tina/efflorense/src/widgets/MenuFab/MenuFab.tsx",
    "statementMap": {
      "0": {
        "start": {
          "line": 4,
          "column": 22
        },
        "end": {
          "line": 4,
          "column": 64
        }
      },
      "1": {
        "start": {
          "line": 6,
          "column": 23
        },
        "end": {
          "line": 6,
          "column": 36
        }
      },
      "2": {
        "start": {
          "line": 7,
          "column": 17
        },
        "end": {
          "line": 7,
          "column": 62
        }
      },
      "3": {
        "start": {
          "line": 7,
          "column": 44
        },
        "end": {
          "line": 7,
          "column": 61
        }
      },
      "4": {
        "start": {
          "line": 8,
          "column": 2
        },
        "end": {
          "line": 8,
          "column": 26
        }
      },
      "5": {
        "start": {
          "line": 8,
          "column": 14
        },
        "end": {
          "line": 8,
          "column": 26
        }
      },
      "6": {
        "start": {
          "line": 9,
          "column": 2
        },
        "end": {
          "line": 13,
          "column": 11
        }
      }
    },
    "fnMap": {
      "0": {
        "name": "MenuFab",
        "decl": {
          "start": {
            "line": 5,
            "column": 24
          },
          "end": {
            "line": 5,
            "column": 31
          }
        },
        "loc": {
          "start": {
            "line": 5,
            "column": 34
          },
          "end": {
            "line": 14,
            "column": 1
          }
        },
        "line": 5
      },
      "1": {
        "name": "(anonymous_1)",
        "decl": {
          "start": {
            "line": 7,
            "column": 36
          },
          "end": {
            "line": 7,
            "column": 37
          }
        },
        "loc": {
          "start": {
            "line": 7,
            "column": 44
          },
          "end": {
            "line": 7,
            "column": 61
          }
        },
        "line": 7
      }
    },
    "branchMap": {
      "0": {
        "loc": {
          "start": {
            "line": 8,
            "column": 2
          },
          "end": {
            "line": 8,
            "column": 26
          }
        },
        "type": "if",
        "locations": [
          {
            "start": {
              "line": 8,
              "column": 2
            },
            "end": {
              "line": 8,
              "column": 26
            }
          },
          {
            "start": {},
            "end": {}
          }
        ],
        "line": 8
      }
    },
    "s": {
      "0": 20,
      "1": 72,
      "2": 72,
      "3": 144,
      "4": 72,
      "5": 64,
      "6": 8
    },
    "f": {
      "0": 72,
      "1": 144
    },
    "b": {
      "0": [
        64,
        8
      ]
    },
    "inputSourceMap": {
      "version": 3,
      "sources": [
        "/Users/tinnie/Desktop/EFFLORENSE tina/efflorense/src/widgets/MenuFab/MenuFab.tsx"
      ],
      "mappings": "AAYI;AAZJ,SAAS,MAAM,mBAAmB;AAElC,OAAO,YAAY;AAEnB,MAAM,gBAAgB,CAAC,QAAQ,iBAAiB,eAAe;AAE/D,wBAAwB,UAAU;AAChC,QAAM,EAAE,SAAS,IAAI,YAAY;AACjC,QAAM,SAAS,cAAc,KAAK,CAAC,OAAO,GAAG,KAAK,QAAQ,CAAC;AAC3D,MAAI,OAAQ,QAAO;AAEnB,SACE,uBAAC,QAAK,IAAG,SAAQ,WAAW,OAAO,KAAK,cAAW,aAAY,oBAA/D;AAAA;AAAA;AAAA;AAAA,SAEA;AAEJ;",
      "names": []
    },
    "_coverageSchema": "1a1c01bbd47fc00a2c39e90264f33305004495a9",
    "hash": "8b00211b7b896bb27b1af2f8d151605f30745c38"
  },
  "/Users/tinnie/Desktop/EFFLORENSE tina/efflorense/src/shared/auth/AuthContext.tsx": {
    "path": "/Users/tinnie/Desktop/EFFLORENSE tina/efflorense/src/shared/auth/AuthContext.tsx",
    "statementMap": {
      "0": {
        "start": {
          "line": 3,
          "column": 27
        },
        "end": {
          "line": 3,
          "column": 46
        }
      },
      "1": {
        "start": {
          "line": 4,
          "column": 16
        },
        "end": {
          "line": 4,
          "column": 39
        }
      },
      "2": {
        "start": {
          "line": 6,
          "column": 26
        },
        "end": {
          "line": 6,
          "column": 40
        }
      },
      "3": {
        "start": {
          "line": 7,
          "column": 32
        },
        "end": {
          "line": 7,
          "column": 46
        }
      },
      "4": {
        "start": {
          "line": 8,
          "column": 28
        },
        "end": {
          "line": 8,
          "column": 42
        }
      },
      "5": {
        "start": {
          "line": 9,
          "column": 2
        },
        "end": {
          "line": 25,
          "column": 9
        }
      },
      "6": {
        "start": {
          "line": 10,
          "column": 18
        },
        "end": {
          "line": 10,
          "column": 47
        }
      },
      "7": {
        "start": {
          "line": 11,
          "column": 18
        },
        "end": {
          "line": 11,
          "column": 47
        }
      },
      "8": {
        "start": {
          "line": 12,
          "column": 17
        },
        "end": {
          "line": 12,
          "column": 45
        }
      },
      "9": {
        "start": {
          "line": 13,
          "column": 18
        },
        "end": {
          "line": 13,
          "column": 47
        }
      },
      "10": {
        "start": {
          "line": 14,
          "column": 18
        },
        "end": {
          "line": 14,
          "column": 48
        }
      },
      "11": {
        "start": {
          "line": 15,
          "column": 4
        },
        "end": {
          "line": 23,
          "column": 5
        }
      },
      "12": {
        "start": {
          "line": 16,
          "column": 17
        },
        "end": {
          "line": 16,
          "column": 30
        }
      },
      "13": {
        "start": {
          "line": 17,
          "column": 6
        },
        "end": {
          "line": 22,
          "column": 9
        }
      },
      "14": {
        "start": {
          "line": 24,
          "column": 4
        },
        "end": {
          "line": 24,
          "column": 22
        }
      },
      "15": {
        "start": {
          "line": 26,
          "column": 16
        },
        "end": {
          "line": 60,
          "column": 8
        }
      },
      "16": {
        "start": {
          "line": 27,
          "column": 4
        },
        "end": {
          "line": 27,
          "column": 21
        }
      },
      "17": {
        "start": {
          "line": 28,
          "column": 4
        },
        "end": {
          "line": 28,
          "column": 19
        }
      },
      "18": {
        "start": {
          "line": 29,
          "column": 4
        },
        "end": {
          "line": 59,
          "column": 5
        }
      },
      "19": {
        "start": {
          "line": 30,
          "column": 18
        },
        "end": {
          "line": 34,
          "column": 8
        }
      },
      "20": {
        "start": {
          "line": 35,
          "column": 6
        },
        "end": {
          "line": 37,
          "column": 7
        }
      },
      "21": {
        "start": {
          "line": 36,
          "column": 8
        },
        "end": {
          "line": 36,
          "column": 40
        }
      },
      "22": {
        "start": {
          "line": 38,
          "column": 19
        },
        "end": {
          "line": 38,
          "column": 35
        }
      },
      "23": {
        "start": {
          "line": 39,
          "column": 6
        },
        "end": {
          "line": 39,
          "column": 54
        }
      },
      "24": {
        "start": {
          "line": 40,
          "column": 6
        },
        "end": {
          "line": 40,
          "column": 53
        }
      },
      "25": {
        "start": {
          "line": 41,
          "column": 6
        },
        "end": {
          "line": 41,
          "column": 59
        }
      },
      "26": {
        "start": {
          "line": 42,
          "column": 6
        },
        "end": {
          "line": 44,
          "column": 7
        }
      },
      "27": {
        "start": {
          "line": 43,
          "column": 8
        },
        "end": {
          "line": 43,
          "column": 53
        }
      },
      "28": {
        "start": {
          "line": 45,
          "column": 6
        },
        "end": {
          "line": 47,
          "column": 7
        }
      },
      "29": {
        "start": {
          "line": 46,
          "column": 8
        },
        "end": {
          "line": 46,
          "column": 55
        }
      },
      "30": {
        "start": {
          "line": 48,
          "column": 6
        },
        "end": {
          "line": 53,
          "column": 9
        }
      },
      "31": {
        "start": {
          "line": 55,
          "column": 6
        },
        "end": {
          "line": 55,
          "column": 69
        }
      },
      "32": {
        "start": {
          "line": 56,
          "column": 6
        },
        "end": {
          "line": 56,
          "column": 16
        }
      },
      "33": {
        "start": {
          "line": 58,
          "column": 6
        },
        "end": {
          "line": 58,
          "column": 24
        }
      },
      "34": {
        "start": {
          "line": 61,
          "column": 19
        },
        "end": {
          "line": 98,
          "column": 3
        }
      },
      "35": {
        "start": {
          "line": 63,
          "column": 6
        },
        "end": {
          "line": 63,
          "column": 23
        }
      },
      "36": {
        "start": {
          "line": 64,
          "column": 6
        },
        "end": {
          "line": 64,
          "column": 21
        }
      },
      "37": {
        "start": {
          "line": 65,
          "column": 6
        },
        "end": {
          "line": 95,
          "column": 7
        }
      },
      "38": {
        "start": {
          "line": 66,
          "column": 20
        },
        "end": {
          "line": 70,
          "column": 10
        }
      },
      "39": {
        "start": {
          "line": 71,
          "column": 8
        },
        "end": {
          "line": 73,
          "column": 9
        }
      },
      "40": {
        "start": {
          "line": 72,
          "column": 10
        },
        "end": {
          "line": 72,
          "column": 45
        }
      },
      "41": {
        "start": {
          "line": 74,
          "column": 21
        },
        "end": {
          "line": 74,
          "column": 37
        }
      },
      "42": {
        "start": {
          "line": 75,
          "column": 8
        },
        "end": {
          "line": 75,
          "column": 56
        }
      },
      "43": {
        "start": {
          "line": 76,
          "column": 8
        },
        "end": {
          "line": 76,
          "column": 55
        }
      },
      "44": {
        "start": {
          "line": 77,
          "column": 8
        },
        "end": {
          "line": 77,
          "column": 61
        }
      },
      "45": {
        "start": {
          "line": 78,
          "column": 8
        },
        "end": {
          "line": 80,
          "column": 9
        }
      },
      "46": {
        "start": {
          "line": 79,
          "column": 10
        },
        "end": {
          "line": 79,
          "column": 55
        }
      },
      "47": {
        "start": {
          "line": 81,
          "column": 8
        },
        "end": {
          "line": 83,
          "column": 9
        }
      },
      "48": {
        "start": {
          "line": 82,
          "column": 10
        },
        "end": {
          "line": 82,
          "column": 57
        }
      },
      "49": {
        "start": {
          "line": 84,
          "column": 8
        },
        "end": {
          "line": 89,
          "column": 11
        }
      },
      "50": {
        "start": {
          "line": 91,
          "column": 8
        },
        "end": {
          "line": 91,
          "column": 71
        }
      },
      "51": {
        "start": {
          "line": 92,
          "column": 8
        },
        "end": {
          "line": 92,
          "column": 18
        }
      },
      "52": {
        "start": {
          "line": 94,
          "column": 8
        },
        "end": {
          "line": 94,
          "column": 26
        }
      },
      "53": {
        "start": {
          "line": 99,
          "column": 17
        },
        "end": {
          "line": 106,
          "column": 8
        }
      },
      "54": {
        "start": {
          "line": 100,
          "column": 4
        },
        "end": {
          "line": 100,
          "column": 37
        }
      },
      "55": {
        "start": {
          "line": 101,
          "column": 4
        },
        "end": {
          "line": 101,
          "column": 37
        }
      },
      "56": {
        "start": {
          "line": 102,
          "column": 4
        },
        "end": {
          "line": 102,
          "column": 36
        }
      },
      "57": {
        "start": {
          "line": 103,
          "column": 4
        },
        "end": {
          "line": 103,
          "column": 37
        }
      },
      "58": {
        "start": {
          "line": 104,
          "column": 4
        },
        "end": {
          "line": 104,
          "column": 38
        }
      },
      "59": {
        "start": {
          "line": 105,
          "column": 4
        },
        "end": {
          "line": 105,
          "column": 18
        }
      },
      "60": {
        "start": {
          "line": 107,
          "column": 2
        },
        "end": {
          "line": 121,
          "column": 4
        }
      }
    },
    "fnMap": {
      "0": {
        "name": "AuthProvider",
        "decl": {
          "start": {
            "line": 5,
            "column": 16
          },
          "end": {
            "line": 5,
            "column": 28
          }
        },
        "loc": {
          "start": {
            "line": 5,
            "column": 43
          },
          "end": {
            "line": 122,
            "column": 1
          }
        },
        "line": 5
      },
      "1": {
        "name": "(anonymous_1)",
        "decl": {
          "start": {
            "line": 9,
            "column": 12
          },
          "end": {
            "line": 9,
            "column": 13
          }
        },
        "loc": {
          "start": {
            "line": 9,
            "column": 18
          },
          "end": {
            "line": 25,
            "column": 3
          }
        },
        "line": 9
      },
      "2": {
        "name": "(anonymous_2)",
        "decl": {
          "start": {
            "line": 26,
            "column": 28
          },
          "end": {
            "line": 26,
            "column": 29
          }
        },
        "loc": {
          "start": {
            "line": 26,
            "column": 55
          },
          "end": {
            "line": 60,
            "column": 3
          }
        },
        "line": 26
      },
      "3": {
        "name": "(anonymous_3)",
        "decl": {
          "start": {
            "line": 62,
            "column": 4
          },
          "end": {
            "line": 62,
            "column": 5
          }
        },
        "loc": {
          "start": {
            "line": 62,
            "column": 44
          },
          "end": {
            "line": 96,
            "column": 5
          }
        },
        "line": 62
      },
      "4": {
        "name": "(anonymous_4)",
        "decl": {
          "start": {
            "line": 99,
            "column": 29
          },
          "end": {
            "line": 99,
            "column": 30
          }
        },
        "loc": {
          "start": {
            "line": 99,
            "column": 35
          },
          "end": {
            "line": 106,
            "column": 3
          }
        },
        "line": 99
      }
    },
    "branchMap": {
      "0": {
        "loc": {
          "start": {
            "line": 15,
            "column": 4
          },
          "end": {
            "line": 23,
            "column": 5
          }
        },
        "type": "if",
        "locations": [
          {
            "start": {
              "line": 15,
              "column": 4
            },
            "end": {
              "line": 23,
              "column": 5
            }
          },
          {
            "start": {},
            "end": {}
          }
        ],
        "line": 15
      },
      "1": {
        "loc": {
          "start": {
            "line": 15,
            "column": 8
          },
          "end": {
            "line": 15,
            "column": 31
          }
        },
        "type": "binary-expr",
        "locations": [
          {
            "start": {
              "line": 15,
              "column": 8
            },
            "end": {
              "line": 15,
              "column": 13
            }
          },
          {
            "start": {
              "line": 15,
              "column": 17
            },
            "end": {
              "line": 15,
              "column": 22
            }
          },
          {
            "start": {
              "line": 15,
              "column": 26
            },
            "end": {
              "line": 15,
              "column": 31
            }
          }
        ],
        "line": 15
      },
      "2": {
        "loc": {
          "start": {
            "line": 20,
            "column": 14
          },
          "end": {
            "line": 20,
            "column": 28
          }
        },
        "type": "binary-expr",
        "locations": [
          {
            "start": {
              "line": 20,
              "column": 14
            },
            "end": {
              "line": 20,
              "column": 18
            }
          },
          {
            "start": {
              "line": 20,
              "column": 22
            },
            "end": {
              "line": 20,
              "column": 28
            }
          }
        ],
        "line": 20
      },
      "3": {
        "loc": {
          "start": {
            "line": 21,
            "column": 15
          },
          "end": {
            "line": 21,
            "column": 30
          }
        },
        "type": "binary-expr",
        "locations": [
          {
            "start": {
              "line": 21,
              "column": 15
            },
            "end": {
              "line": 21,
              "column": 20
            }
          },
          {
            "start": {
              "line": 21,
              "column": 24
            },
            "end": {
              "line": 21,
              "column": 30
            }
          }
        ],
        "line": 21
      },
      "4": {
        "loc": {
          "start": {
            "line": 35,
            "column": 6
          },
          "end": {
            "line": 37,
            "column": 7
          }
        },
        "type": "if",
        "locations": [
          {
            "start": {
              "line": 35,
              "column": 6
            },
            "end": {
              "line": 37,
              "column": 7
            }
          },
          {
            "start": {},
            "end": {}
          }
        ],
        "line": 35
      },
      "5": {
        "loc": {
          "start": {
            "line": 42,
            "column": 6
          },
          "end": {
            "line": 44,
            "column": 7
          }
        },
        "type": "if",
        "locations": [
          {
            "start": {
              "line": 42,
              "column": 6
            },
            "end": {
              "line": 44,
              "column": 7
            }
          },
          {
            "start": {},
            "end": {}
          }
        ],
        "line": 42
      },
      "6": {
        "loc": {
          "start": {
            "line": 45,
            "column": 6
          },
          "end": {
            "line": 47,
            "column": 7
          }
        },
        "type": "if",
        "locations": [
          {
            "start": {
              "line": 45,
              "column": 6
            },
            "end": {
              "line": 47,
              "column": 7
            }
          },
          {
            "start": {},
            "end": {}
          }
        ],
        "line": 45
      },
      "7": {
        "loc": {
          "start": {
            "line": 55,
            "column": 15
          },
          "end": {
            "line": 55,
            "column": 67
          }
        },
        "type": "cond-expr",
        "locations": [
          {
            "start": {
              "line": 55,
              "column": 38
            },
            "end": {
              "line": 55,
              "column": 49
            }
          },
          {
            "start": {
              "line": 55,
              "column": 52
            },
            "end": {
              "line": 55,
              "column": 67
            }
          }
        ],
        "line": 55
      },
      "8": {
        "loc": {
          "start": {
            "line": 71,
            "column": 8
          },
          "end": {
            "line": 73,
            "column": 9
          }
        },
        "type": "if",
        "locations": [
          {
            "start": {
              "line": 71,
              "column": 8
            },
            "end": {
              "line": 73,
              "column": 9
            }
          },
          {
            "start": {},
            "end": {}
          }
        ],
        "line": 71
      },
      "9": {
        "loc": {
          "start": {
            "line": 78,
            "column": 8
          },
          "end": {
            "line": 80,
            "column": 9
          }
        },
        "type": "if",
        "locations": [
          {
            "start": {
              "line": 78,
              "column": 8
            },
            "end": {
              "line": 80,
              "column": 9
            }
          },
          {
            "start": {},
            "end": {}
          }
        ],
        "line": 78
      },
      "10": {
        "loc": {
          "start": {
            "line": 81,
            "column": 8
          },
          "end": {
            "line": 83,
            "column": 9
          }
        },
        "type": "if",
        "locations": [
          {
            "start": {
              "line": 81,
              "column": 8
            },
            "end": {
              "line": 83,
              "column": 9
            }
          },
          {
            "start": {},
            "end": {}
          }
        ],
        "line": 81
      },
      "11": {
        "loc": {
          "start": {
            "line": 91,
            "column": 17
          },
          "end": {
            "line": 91,
            "column": 69
          }
        },
        "type": "cond-expr",
        "locations": [
          {
            "start": {
              "line": 91,
              "column": 40
            },
            "end": {
              "line": 91,
              "column": 51
            }
          },
          {
            "start": {
              "line": 91,
              "column": 54
            },
            "end": {
              "line": 91,
              "column": 69
            }
          }
        ],
        "line": 91
      }
    },
    "s": {
      "0": 63,
      "1": 63,
      "2": 576,
      "3": 576,
      "4": 576,
      "5": 576,
      "6": 174,
      "7": 174,
      "8": 174,
      "9": 174,
      "10": 174,
      "11": 174,
      "12": 33,
      "13": 33,
      "14": 174,
      "15": 576,
      "16": 72,
      "17": 72,
      "18": 72,
      "19": 72,
      "20": 58,
      "21": 16,
      "22": 42,
      "23": 42,
      "24": 42,
      "25": 42,
      "26": 42,
      "27": 24,
      "28": 42,
      "29": 24,
      "30": 42,
      "31": 30,
      "32": 30,
      "33": 72,
      "34": 576,
      "35": 39,
      "36": 39,
      "37": 39,
      "38": 39,
      "39": 33,
      "40": 8,
      "41": 25,
      "42": 25,
      "43": 25,
      "44": 25,
      "45": 25,
      "46": 15,
      "47": 25,
      "48": 15,
      "49": 25,
      "50": 14,
      "51": 14,
      "52": 39,
      "53": 576,
      "54": 6,
      "55": 6,
      "56": 6,
      "57": 6,
      "58": 6,
      "59": 6,
      "60": 576
    },
    "f": {
      "0": 576,
      "1": 174,
      "2": 72,
      "3": 39,
      "4": 6
    },
    "b": {
      "0": [
        33,
        141
      ],
      "1": [
        174,
        33,
        33
      ],
      "2": [
        33,
        0
      ],
      "3": [
        33,
        0
      ],
      "4": [
        16,
        42
      ],
      "5": [
        24,
        18
      ],
      "6": [
        24,
        18
      ],
      "7": [
        16,
        14
      ],
      "8": [
        8,
        25
      ],
      "9": [
        15,
        10
      ],
      "10": [
        15,
        10
      ],
      "11": [
        8,
        6
      ]
    },
    "inputSourceMap": {
      "version": 3,
      "sources": [
        "/Users/tinnie/Desktop/EFFLORENSE tina/efflorense/src/shared/auth/AuthContext.tsx"
      ],
      "mappings": "AA4II;AA5IJ,SAAgB,eAAe,aAAa,WAAW,gBAAgB;AAmBhE,aAAM,cAAc,cAAuC,IAAI;AAEtE,MAAM,UAAU;AAET,gBAAS,aAAa,EAAE,SAAS,GAAkC;AACxE,QAAM,CAAC,MAAM,OAAO,IAAI,SAAsB,IAAI;AAClD,QAAM,CAAC,SAAS,UAAU,IAAI,SAAS,IAAI;AAC3C,QAAM,CAAC,OAAO,QAAQ,IAAI,SAAwB,IAAI;AAEtD,YAAU,MAAM;AACd,UAAM,QAAQ,aAAa,QAAQ,OAAO;AAC1C,UAAM,QAAQ,aAAa,QAAQ,OAAO;AAC1C,UAAM,OAAO,aAAa,QAAQ,MAAM;AACxC,UAAM,QAAQ,aAAa,QAAQ,OAAO;AAC1C,UAAM,QAAQ,aAAa,QAAQ,QAAQ;AAE3C,QAAI,SAAS,SAAS,OAAO;AAC3B,YAAM,KAAK,OAAO,KAAK;AACvB,cAAQ;AAAA,QACN;AAAA,QACA;AAAA,QACA,MAAM,QAAQ;AAAA,QACd,OAAO,SAAS;AAAA,MAClB,CAAC;AAAA,IACH;AACA,eAAW,KAAK;AAAA,EAClB,GAAG,CAAC,CAAC;AAEL,QAAM,QAAQ,YAAY,OAAO,OAAe,aAAqB;AACnE,eAAW,IAAI;AACf,aAAS,IAAI;AACb,QAAI;AACF,YAAM,MAAM,MAAM,MAAM,GAAG,OAAO,eAAe;AAAA,QAC/C,QAAQ;AAAA,QACR,SAAS,EAAE,gBAAgB,mBAAmB;AAAA,QAC9C,MAAM,KAAK,UAAU,EAAE,OAAO,SAAS,CAAC;AAAA,MAC1C,CAAC;AAED,UAAI,CAAC,IAAI,IAAI;AACX,cAAM,IAAI,MAAM,cAAc;AAAA,MAChC;AAEA,YAAM,OAAO,MAAM,IAAI,KAAK;AAE5B,mBAAa,QAAQ,SAAS,KAAK,WAAW;AAC9C,mBAAa,QAAQ,SAAS,KAAK,KAAK,KAAK;AAC7C,mBAAa,QAAQ,UAAU,OAAO,KAAK,KAAK,EAAE,CAAC;AACnD,UAAI,KAAK,KAAK,MAAM;AAClB,qBAAa,QAAQ,QAAQ,KAAK,KAAK,IAAI;AAAA,MAC7C;AACA,UAAI,KAAK,KAAK,OAAO;AACnB,qBAAa,QAAQ,SAAS,KAAK,KAAK,KAAK;AAAA,MAC/C;AAEA,cAAQ;AAAA,QACN,IAAI,KAAK,KAAK;AAAA,QACd,OAAO,KAAK,KAAK;AAAA,QACjB,MAAM,KAAK,KAAK;AAAA,QAChB,OAAO,KAAK,KAAK;AAAA,MACnB,CAAC;AAAA,IACH,SAAS,KAAK;AACZ,eAAS,eAAe,QAAQ,IAAI,UAAU,eAAe;AAC7D,YAAM;AAAA,IACR,UAAE;AACA,iBAAW,KAAK;AAAA,IAClB;AAAA,EACF,GAAG,CAAC,CAAC;AAEL,QAAM,WAAW;AAAA,IACf,OAAO,OAAe,UAAkB,MAAe,UAAmB;AACxE,iBAAW,IAAI;AACf,eAAS,IAAI;AACb,UAAI;AACF,cAAM,MAAM,MAAM,MAAM,GAAG,OAAO,kBAAkB;AAAA,UAClD,QAAQ;AAAA,UACR,SAAS,EAAE,gBAAgB,mBAAmB;AAAA,UAC9C,MAAM,KAAK,UAAU,EAAE,OAAO,UAAU,MAAM,MAAM,CAAC;AAAA,QACvD,CAAC;AAED,YAAI,CAAC,IAAI,IAAI;AACX,gBAAM,IAAI,MAAM,iBAAiB;AAAA,QACnC;AAEA,cAAM,OAAO,MAAM,IAAI,KAAK;AAE5B,qBAAa,QAAQ,SAAS,KAAK,WAAW;AAC9C,qBAAa,QAAQ,SAAS,KAAK,KAAK,KAAK;AAC7C,qBAAa,QAAQ,UAAU,OAAO,KAAK,KAAK,EAAE,CAAC;AACnD,YAAI,KAAK,KAAK,MAAM;AAClB,uBAAa,QAAQ,QAAQ,KAAK,KAAK,IAAI;AAAA,QAC7C;AACA,YAAI,KAAK,KAAK,OAAO;AACnB,uBAAa,QAAQ,SAAS,KAAK,KAAK,KAAK;AAAA,QAC/C;AAEA,gBAAQ;AAAA,UACN,IAAI,KAAK,KAAK;AAAA,UACd,OAAO,KAAK,KAAK;AAAA,UACjB,MAAM,KAAK,KAAK;AAAA,UAChB,OAAO,KAAK,KAAK;AAAA,QACnB,CAAC;AAAA,MACH,SAAS,KAAK;AACZ,iBAAS,eAAe,QAAQ,IAAI,UAAU,eAAe;AAC7D,cAAM;AAAA,MACR,UAAE;AACA,mBAAW,KAAK;AAAA,MAClB;AAAA,IACF;AAAA,IACA,CAAC;AAAA,EACH;AAEA,QAAM,SAAS,YAAY,MAAM;AAC/B,iBAAa,WAAW,OAAO;AAC/B,iBAAa,WAAW,OAAO;AAC/B,iBAAa,WAAW,MAAM;AAC9B,iBAAa,WAAW,OAAO;AAC/B,iBAAa,WAAW,QAAQ;AAChC,YAAQ,IAAI;AAAA,EACd,GAAG,CAAC,CAAC;AAEL,SACE;AAAA,IAAC,YAAY;AAAA,IAAZ;AAAA,MACC,OAAO,EAAE,MAAM,QAAQ,QAAQ,IAAI,GAAG,OAAO,UAAU,QAAQ,SAAS,MAAM;AAAA,MAE7E;AAAA;AAAA,IAHH;AAAA;AAAA;AAAA;AAAA;AAAA;AAAA;AAAA;AAAA,EAIA;AAEJ;",
      "names": []
    },
    "_coverageSchema": "1a1c01bbd47fc00a2c39e90264f33305004495a9",
    "hash": "94e48dc9925eb87783459d471ff734667b68bdba"
  },
  "/Users/tinnie/Desktop/EFFLORENSE tina/efflorense/src/shared/auth/useAuth.ts": {
    "path": "/Users/tinnie/Desktop/EFFLORENSE tina/efflorense/src/shared/auth/useAuth.ts",
    "statementMap": {
      "0": {
        "start": {
          "line": 4,
          "column": 14
        },
        "end": {
          "line": 4,
          "column": 37
        }
      },
      "1": {
        "start": {
          "line": 5,
          "column": 2
        },
        "end": {
          "line": 7,
          "column": 3
        }
      },
      "2": {
        "start": {
          "line": 6,
          "column": 4
        },
        "end": {
          "line": 6,
          "column": 66
        }
      },
      "3": {
        "start": {
          "line": 8,
          "column": 2
        },
        "end": {
          "line": 8,
          "column": 13
        }
      }
    },
    "fnMap": {
      "0": {
        "name": "useAuth",
        "decl": {
          "start": {
            "line": 3,
            "column": 16
          },
          "end": {
            "line": 3,
            "column": 23
          }
        },
        "loc": {
          "start": {
            "line": 3,
            "column": 26
          },
          "end": {
            "line": 9,
            "column": 1
          }
        },
        "line": 3
      }
    },
    "branchMap": {
      "0": {
        "loc": {
          "start": {
            "line": 5,
            "column": 2
          },
          "end": {
            "line": 7,
            "column": 3
          }
        },
        "type": "if",
        "locations": [
          {
            "start": {
              "line": 5,
              "column": 2
            },
            "end": {
              "line": 7,
              "column": 3
            }
          },
          {
            "start": {},
            "end": {}
          }
        ],
        "line": 5
      }
    },
    "s": {
      "0": 825,
      "1": 825,
      "2": 0,
      "3": 825
    },
    "f": {
      "0": 825
    },
    "b": {
      "0": [
        0,
        825
      ]
    },
    "inputSourceMap": {
      "version": 3,
      "sources": [
        "/Users/tinnie/Desktop/EFFLORENSE tina/efflorense/src/shared/auth/useAuth.ts"
      ],
      "mappings": "AAAA,SAAS,kBAAkB;AAC3B,SAAS,mBAAmB;AAErB,gBAAS,UAAU;AACxB,QAAM,MAAM,WAAW,WAAW;AAClC,MAAI,CAAC,KAAK;AACR,UAAM,IAAI,MAAM,4CAA4C;AAAA,EAC9D;AACA,SAAO;AACT;",
      "names": []
    },
    "_coverageSchema": "1a1c01bbd47fc00a2c39e90264f33305004495a9",
    "hash": "b5a87f7c772bbd56f891571b7b8d07e614b7a202"
  },
  "/Users/tinnie/Desktop/EFFLORENSE tina/efflorense/src/pages/auth/login/index.tsx": {
    "path": "/Users/tinnie/Desktop/EFFLORENSE tina/efflorense/src/pages/auth/login/index.tsx",
    "statementMap": {
      "0": {
        "start": {
          "line": 7,
          "column": 36
        },
        "end": {
          "line": 7,
          "column": 45
        }
      },
      "1": {
        "start": {
          "line": 8,
          "column": 19
        },
        "end": {
          "line": 8,
          "column": 32
        }
      },
      "2": {
        "start": {
          "line": 9,
          "column": 28
        },
        "end": {
          "line": 9,
          "column": 40
        }
      },
      "3": {
        "start": {
          "line": 10,
          "column": 34
        },
        "end": {
          "line": 10,
          "column": 46
        }
      },
      "4": {
        "start": {
          "line": 11,
          "column": 23
        },
        "end": {
          "line": 19,
          "column": 3
        }
      },
      "5": {
        "start": {
          "line": 12,
          "column": 4
        },
        "end": {
          "line": 12,
          "column": 23
        }
      },
      "6": {
        "start": {
          "line": 13,
          "column": 4
        },
        "end": {
          "line": 13,
          "column": 36
        }
      },
      "7": {
        "start": {
          "line": 13,
          "column": 29
        },
        "end": {
          "line": 13,
          "column": 36
        }
      },
      "8": {
        "start": {
          "line": 14,
          "column": 4
        },
        "end": {
          "line": 18,
          "column": 5
        }
      },
      "9": {
        "start": {
          "line": 15,
          "column": 6
        },
        "end": {
          "line": 15,
          "column": 35
        }
      },
      "10": {
        "start": {
          "line": 16,
          "column": 6
        },
        "end": {
          "line": 16,
          "column": 49
        }
      },
      "11": {
        "start": {
          "line": 20,
          "column": 2
        },
        "end": {
          "line": 154,
          "column": 11
        }
      },
      "12": {
        "start": {
          "line": 43,
          "column": 29
        },
        "end": {
          "line": 43,
          "column": 53
        }
      },
      "13": {
        "start": {
          "line": 74,
          "column": 29
        },
        "end": {
          "line": 74,
          "column": 56
        }
      }
    },
    "fnMap": {
      "0": {
        "name": "LoginPage",
        "decl": {
          "start": {
            "line": 6,
            "column": 24
          },
          "end": {
            "line": 6,
            "column": 33
          }
        },
        "loc": {
          "start": {
            "line": 6,
            "column": 36
          },
          "end": {
            "line": 155,
            "column": 1
          }
        },
        "line": 6
      },
      "1": {
        "name": "(anonymous_1)",
        "decl": {
          "start": {
            "line": 11,
            "column": 23
          },
          "end": {
            "line": 11,
            "column": 24
          }
        },
        "loc": {
          "start": {
            "line": 11,
            "column": 36
          },
          "end": {
            "line": 19,
            "column": 3
          }
        },
        "line": 11
      },
      "2": {
        "name": "(anonymous_2)",
        "decl": {
          "start": {
            "line": 43,
            "column": 22
          },
          "end": {
            "line": 43,
            "column": 23
          }
        },
        "loc": {
          "start": {
            "line": 43,
            "column": 29
          },
          "end": {
            "line": 43,
            "column": 53
          }
        },
        "line": 43
      },
      "3": {
        "name": "(anonymous_3)",
        "decl": {
          "start": {
            "line": 74,
            "column": 22
          },
          "end": {
            "line": 74,
            "column": 23
          }
        },
        "loc": {
          "start": {
            "line": 74,
            "column": 29
          },
          "end": {
            "line": 74,
            "column": 56
          }
        },
        "line": 74
      }
    },
    "branchMap": {
      "0": {
        "loc": {
          "start": {
            "line": 13,
            "column": 4
          },
          "end": {
            "line": 13,
            "column": 36
          }
        },
        "type": "if",
        "locations": [
          {
            "start": {
              "line": 13,
              "column": 4
            },
            "end": {
              "line": 13,
              "column": 36
            }
          },
          {
            "start": {},
            "end": {}
          }
        ],
        "line": 13
      },
      "1": {
        "loc": {
          "start": {
            "line": 13,
            "column": 8
          },
          "end": {
            "line": 13,
            "column": 27
          }
        },
        "type": "binary-expr",
        "locations": [
          {
            "start": {
              "line": 13,
              "column": 8
            },
            "end": {
              "line": 13,
              "column": 14
            }
          },
          {
            "start": {
              "line": 13,
              "column": 18
            },
            "end": {
              "line": 13,
              "column": 27
            }
          }
        ],
        "line": 13
      },
      "2": {
        "loc": {
          "start": {
            "line": 92,
            "column": 6
          },
          "end": {
            "line": 96,
            "column": 21
          }
        },
        "type": "cond-expr",
        "locations": [
          {
            "start": {
              "line": 92,
              "column": 30
            },
            "end": {
              "line": 96,
              "column": 14
            }
          },
          {
            "start": {
              "line": 96,
              "column": 17
            },
            "end": {
              "line": 96,
              "column": 21
            }
          }
        ],
        "line": 92
      },
      "3": {
        "loc": {
          "start": {
            "line": 108,
            "column": 89
          },
          "end": {
            "line": 108,
            "column": 125
          }
        },
        "type": "cond-expr",
        "locations": [
          {
            "start": {
              "line": 108,
              "column": 99
            },
            "end": {
              "line": 108,
              "column": 114
            }
          },
          {
            "start": {
              "line": 108,
              "column": 117
            },
            "end": {
              "line": 108,
              "column": 125
            }
          }
        ],
        "line": 108
      }
    },
    "s": {
      "0": 249,
      "1": 249,
      "2": 249,
      "3": 249,
      "4": 249,
      "5": 9,
      "6": 9,
      "7": 0,
      "8": 9,
      "9": 9,
      "10": 9,
      "11": 249,
      "12": 144,
      "13": 81
    },
    "f": {
      "0": 249,
      "1": 9,
      "2": 144,
      "3": 81
    },
    "b": {
      "0": [
        0,
        9
      ],
      "1": [
        9,
        9
      ],
      "2": [
        2,
        247
      ],
      "3": [
        0,
        249
      ]
    },
    "inputSourceMap": {
      "version": 3,
      "sources": [
        "/Users/tinnie/Desktop/EFFLORENSE tina/efflorense/src/pages/auth/login/index.tsx"
      ],
      "mappings": "AAuBM;AAvBN,SAAoB,gBAAgB;AACpC,SAAS,MAAM,mBAAmB;AAClC,SAAS,eAAe;AACxB,OAAO,YAAY;AAEnB,wBAAwB,YAAY;AAClC,QAAM,EAAE,OAAO,SAAS,MAAM,IAAI,QAAQ;AAC1C,QAAM,WAAW,YAAY;AAE7B,QAAM,CAAC,OAAO,QAAQ,IAAI,SAAS,EAAE;AACrC,QAAM,CAAC,UAAU,WAAW,IAAI,SAAS,EAAE;AAE3C,QAAM,eAAe,OAAO,MAAiB;AAC3C,MAAE,eAAe;AACjB,QAAI,CAAC,SAAS,CAAC,SAAU;AACzB,QAAI;AACF,YAAM,MAAM,OAAO,QAAQ;AAC3B,eAAS,eAAe,EAAE,SAAS,KAAK,CAAC;AAAA,IAC3C,QAAQ;AAAA,IAAC;AAAA,EACX;AAEA,SACE,uBAAC,aAAQ,WAAW,OAAO,MACzB;AAAA,2BAAC,QAAK,IAAG,KAAI,WAAW,OAAO,OAAO,iBAAtC;AAAA;AAAA;AAAA;AAAA,WAEA;AAAA,IAEA,uBAAC,QAAG,WAAW,OAAO,OAAO,sBAA7B;AAAA;AAAA;AAAA;AAAA,WAAmC;AAAA,IAEnC,uBAAC,UAAK,WAAW,OAAO,MAAM,UAAU,cACtC;AAAA,6BAAC,WAAM,WAAW,OAAO,OACvB;AAAA,+BAAC,UAAK,WAAW,OAAO,OAAO,2BAA/B;AAAA;AAAA;AAAA;AAAA,eAA0C;AAAA,QAC1C;AAAA,UAAC;AAAA;AAAA,YACC,WAAW,OAAO;AAAA,YAClB,OAAO;AAAA,YACP,UAAU,CAAC,MAAM,SAAS,EAAE,OAAO,KAAK;AAAA,YACxC,aAAY;AAAA,YACZ,MAAK;AAAA,YACL,UAAQ;AAAA;AAAA,UANV;AAAA;AAAA;AAAA;AAAA;AAAA;AAAA;AAAA;AAAA,QAOA;AAAA,WATF;AAAA;AAAA;AAAA;AAAA,aAUA;AAAA,MAEA,uBAAC,WAAM,WAAW,OAAO,OACvB;AAAA,+BAAC,UAAK,WAAW,OAAO,OAAO,8BAA/B;AAAA;AAAA;AAAA;AAAA,eAA6C;AAAA,QAC7C;AAAA,UAAC;AAAA;AAAA,YACC,WAAW,OAAO;AAAA,YAClB,MAAK;AAAA,YACL,OAAO;AAAA,YACP,UAAU,CAAC,MAAM,YAAY,EAAE,OAAO,KAAK;AAAA,YAC3C,aAAY;AAAA,YACZ,UAAQ;AAAA;AAAA,UANV;AAAA;AAAA;AAAA;AAAA;AAAA;AAAA;AAAA;AAAA,QAOA;AAAA,WATF;AAAA;AAAA;AAAA;AAAA,aAUA;AAAA,MAEC,QAAQ,uBAAC,OAAE,WAAW,OAAO,OAAQ,mBAA7B;AAAA;AAAA;AAAA;AAAA,aAAmC,IAAO;AAAA,MAEnD,uBAAC,YAAO,WAAW,OAAO,eAAe,MAAK,UAAS,UAAU,SAC/D;AAAA,+BAAC,UAAK,WAAW,OAAO,qBAAxB;AAAA;AAAA;AAAA;AAAA,eAA2C;AAAA,QAC3C,uBAAC,UAAK,WAAW,OAAO,uBAAxB;AAAA;AAAA;AAAA;AAAA,eAA6C;AAAA,QAC7C,uBAAC,UAAK,WAAW,OAAO,oBAAqB,oBAAU,kBAAkB,YAAzE;AAAA;AAAA;AAAA;AAAA,eAAkF;AAAA,WAHpF;AAAA;AAAA;AAAA;AAAA,aAIA;AAAA,SA/BF;AAAA;AAAA;AAAA;AAAA,WAgCA;AAAA,IAEA,uBAAC,SAAI,WAAW,OAAO,QACrB;AAAA,6BAAC,OAAE,WAAW,OAAO,MAAM,sCAA3B;AAAA;AAAA;AAAA;AAAA,aAAiD;AAAA,MACjD,uBAAC,QAAK,IAAG,kBAAiB,WAAW,OAAO,iBAC1C;AAAA,+BAAC,UAAK,WAAW,OAAO,uBAAxB;AAAA;AAAA;AAAA;AAAA,eAA6C;AAAA,QAC7C,uBAAC,UAAK,WAAW,OAAO,sBAAsB,4BAA9C;AAAA;AAAA;AAAA;AAAA,eAA0D;AAAA,WAF5D;AAAA;AAAA;AAAA;AAAA,aAGA;AAAA,SALF;AAAA;AAAA;AAAA;AAAA,WAMA;AAAA,OA/CF;AAAA;AAAA;AAAA;AAAA,SAgDA;AAEJ;",
      "names": []
    },
    "_coverageSchema": "1a1c01bbd47fc00a2c39e90264f33305004495a9",
    "hash": "f8f3893a7f93d7fc6af240d4711835d372e96aaa"
  },
  "/Users/tinnie/Desktop/EFFLORENSE tina/efflorense/src/pages/auth/register/index.tsx": {
    "path": "/Users/tinnie/Desktop/EFFLORENSE tina/efflorense/src/pages/auth/register/index.tsx",
    "statementMap": {
      "0": {
        "start": {
          "line": 7,
          "column": 15
        },
        "end": {
          "line": 7,
          "column": 38
        }
      },
      "1": {
        "start": {
          "line": 8,
          "column": 19
        },
        "end": {
          "line": 8,
          "column": 32
        }
      },
      "2": {
        "start": {
          "line": 9,
          "column": 28
        },
        "end": {
          "line": 9,
          "column": 40
        }
      },
      "3": {
        "start": {
          "line": 10,
          "column": 34
        },
        "end": {
          "line": 10,
          "column": 46
        }
      },
      "4": {
        "start": {
          "line": 11,
          "column": 32
        },
        "end": {
          "line": 11,
          "column": 44
        }
      },
      "5": {
        "start": {
          "line": 12,
          "column": 34
        },
        "end": {
          "line": 12,
          "column": 46
        }
      },
      "6": {
        "start": {
          "line": 13,
          "column": 26
        },
        "end": {
          "line": 13,
          "column": 38
        }
      },
      "7": {
        "start": {
          "line": 14,
          "column": 32
        },
        "end": {
          "line": 14,
          "column": 44
        }
      },
      "8": {
        "start": {
          "line": 15,
          "column": 28
        },
        "end": {
          "line": 15,
          "column": 40
        }
      },
      "9": {
        "start": {
          "line": 16,
          "column": 38
        },
        "end": {
          "line": 16,
          "column": 52
        }
      },
      "10": {
        "start": {
          "line": 17,
          "column": 2
        },
        "end": {
          "line": 17,
          "column": 25
        }
      },
      "11": {
        "start": {
          "line": 17,
          "column": 13
        },
        "end": {
          "line": 17,
          "column": 25
        }
      },
      "12": {
        "start": {
          "line": 18,
          "column": 39
        },
        "end": {
          "line": 18,
          "column": 43
        }
      },
      "13": {
        "start": {
          "line": 19,
          "column": 23
        },
        "end": {
          "line": 35,
          "column": 3
        }
      },
      "14": {
        "start": {
          "line": 20,
          "column": 4
        },
        "end": {
          "line": 20,
          "column": 23
        }
      },
      "15": {
        "start": {
          "line": 21,
          "column": 4
        },
        "end": {
          "line": 24,
          "column": 5
        }
      },
      "16": {
        "start": {
          "line": 22,
          "column": 6
        },
        "end": {
          "line": 22,
          "column": 52
        }
      },
      "17": {
        "start": {
          "line": 23,
          "column": 6
        },
        "end": {
          "line": 23,
          "column": 13
        }
      },
      "18": {
        "start": {
          "line": 25,
          "column": 4
        },
        "end": {
          "line": 28,
          "column": 5
        }
      },
      "19": {
        "start": {
          "line": 26,
          "column": 6
        },
        "end": {
          "line": 26,
          "column": 47
        }
      },
      "20": {
        "start": {
          "line": 27,
          "column": 6
        },
        "end": {
          "line": 27,
          "column": 13
        }
      },
      "21": {
        "start": {
          "line": 29,
          "column": 4
        },
        "end": {
          "line": 29,
          "column": 24
        }
      },
      "22": {
        "start": {
          "line": 30,
          "column": 4
        },
        "end": {
          "line": 34,
          "column": 5
        }
      },
      "23": {
        "start": {
          "line": 31,
          "column": 6
        },
        "end": {
          "line": 31,
          "column": 63
        }
      },
      "24": {
        "start": {
          "line": 32,
          "column": 6
        },
        "end": {
          "line": 32,
          "column": 49
        }
      },
      "25": {
        "start": {
          "line": 36,
          "column": 2
        },
        "end": {
          "line": 316,
          "column": 11
        }
      },
      "26": {
        "start": {
          "line": 61,
          "column": 29
        },
        "end": {
          "line": 61,
          "column": 53
        }
      },
      "27": {
        "start": {
          "line": 91,
          "column": 29
        },
        "end": {
          "line": 91,
          "column": 56
        }
      },
      "28": {
        "start": {
          "line": 121,
          "column": 29
        },
        "end": {
          "line": 121,
          "column": 55
        }
      },
      "29": {
        "start": {
          "line": 151,
          "column": 29
        },
        "end": {
          "line": 151,
          "column": 56
        }
      },
      "30": {
        "start": {
          "line": 180,
          "column": 29
        },
        "end": {
          "line": 180,
          "column": 52
        }
      },
      "31": {
        "start": {
          "line": 209,
          "column": 29
        },
        "end": {
          "line": 209,
          "column": 55
        }
      },
      "32": {
        "start": {
          "line": 238,
          "column": 29
        },
        "end": {
          "line": 238,
          "column": 53
        }
      }
    },
    "fnMap": {
      "0": {
        "name": "RegisterPage",
        "decl": {
          "start": {
            "line": 6,
            "column": 24
          },
          "end": {
            "line": 6,
            "column": 36
          }
        },
        "loc": {
          "start": {
            "line": 6,
            "column": 39
          },
          "end": {
            "line": 317,
            "column": 1
          }
        },
        "line": 6
      },
      "1": {
        "name": "(anonymous_1)",
        "decl": {
          "start": {
            "line": 19,
            "column": 23
          },
          "end": {
            "line": 19,
            "column": 24
          }
        },
        "loc": {
          "start": {
            "line": 19,
            "column": 36
          },
          "end": {
            "line": 35,
            "column": 3
          }
        },
        "line": 19
      },
      "2": {
        "name": "(anonymous_2)",
        "decl": {
          "start": {
            "line": 61,
            "column": 22
          },
          "end": {
            "line": 61,
            "column": 23
          }
        },
        "loc": {
          "start": {
            "line": 61,
            "column": 29
          },
          "end": {
            "line": 61,
            "column": 53
          }
        },
        "line": 61
      },
      "3": {
        "name": "(anonymous_3)",
        "decl": {
          "start": {
            "line": 91,
            "column": 22
          },
          "end": {
            "line": 91,
            "column": 23
          }
        },
        "loc": {
          "start": {
            "line": 91,
            "column": 29
          },
          "end": {
            "line": 91,
            "column": 56
          }
        },
        "line": 91
      },
      "4": {
        "name": "(anonymous_4)",
        "decl": {
          "start": {
            "line": 121,
            "column": 22
          },
          "end": {
            "line": 121,
            "column": 23
          }
        },
        "loc": {
          "start": {
            "line": 121,
            "column": 29
          },
          "end": {
            "line": 121,
            "column": 55
          }
        },
        "line": 121
      },
      "5": {
        "name": "(anonymous_5)",
        "decl": {
          "start": {
            "line": 151,
            "column": 22
          },
          "end": {
            "line": 151,
            "column": 23
          }
        },
        "loc": {
          "start": {
            "line": 151,
            "column": 29
          },
          "end": {
            "line": 151,
            "column": 56
          }
        },
        "line": 151
      },
      "6": {
        "name": "(anonymous_6)",
        "decl": {
          "start": {
            "line": 180,
            "column": 22
          },
          "end": {
            "line": 180,
            "column": 23
          }
        },
        "loc": {
          "start": {
            "line": 180,
            "column": 29
          },
          "end": {
            "line": 180,
            "column": 52
          }
        },
        "line": 180
      },
      "7": {
        "name": "(anonymous_7)",
        "decl": {
          "start": {
            "line": 209,
            "column": 22
          },
          "end": {
            "line": 209,
            "column": 23
          }
        },
        "loc": {
          "start": {
            "line": 209,
            "column": 29
          },
          "end": {
            "line": 209,
            "column": 55
          }
        },
        "line": 209
      },
      "8": {
        "name": "(anonymous_8)",
        "decl": {
          "start": {
            "line": 238,
            "column": 22
          },
          "end": {
            "line": 238,
            "column": 23
          }
        },
        "loc": {
          "start": {
            "line": 238,
            "column": 29
          },
          "end": {
            "line": 238,
            "column": 53
          }
        },
        "line": 238
      }
    },
    "branchMap": {
      "0": {
        "loc": {
          "start": {
            "line": 17,
            "column": 2
          },
          "end": {
            "line": 17,
            "column": 25
          }
        },
        "type": "if",
        "locations": [
          {
            "start": {
              "line": 17,
              "column": 2
            },
            "end": {
              "line": 17,
              "column": 25
            }
          },
          {
            "start": {},
            "end": {}
          }
        ],
        "line": 17
      },
      "1": {
        "loc": {
          "start": {
            "line": 21,
            "column": 4
          },
          "end": {
            "line": 24,
            "column": 5
          }
        },
        "type": "if",
        "locations": [
          {
            "start": {
              "line": 21,
              "column": 4
            },
            "end": {
              "line": 24,
              "column": 5
            }
          },
          {
            "start": {},
            "end": {}
          }
        ],
        "line": 21
      },
      "2": {
        "loc": {
          "start": {
            "line": 21,
            "column": 8
          },
          "end": {
            "line": 21,
            "column": 27
          }
        },
        "type": "binary-expr",
        "locations": [
          {
            "start": {
              "line": 21,
              "column": 8
            },
            "end": {
              "line": 21,
              "column": 14
            }
          },
          {
            "start": {
              "line": 21,
              "column": 18
            },
            "end": {
              "line": 21,
              "column": 27
            }
          }
        ],
        "line": 21
      },
      "3": {
        "loc": {
          "start": {
            "line": 25,
            "column": 4
          },
          "end": {
            "line": 28,
            "column": 5
          }
        },
        "type": "if",
        "locations": [
          {
            "start": {
              "line": 25,
              "column": 4
            },
            "end": {
              "line": 28,
              "column": 5
            }
          },
          {
            "start": {},
            "end": {}
          }
        ],
        "line": 25
      },
      "4": {
        "loc": {
          "start": {
            "line": 31,
            "column": 38
          },
          "end": {
            "line": 31,
            "column": 54
          }
        },
        "type": "binary-expr",
        "locations": [
          {
            "start": {
              "line": 31,
              "column": 38
            },
            "end": {
              "line": 31,
              "column": 42
            }
          },
          {
            "start": {
              "line": 31,
              "column": 46
            },
            "end": {
              "line": 31,
              "column": 54
            }
          }
        ],
        "line": 31
      },
      "5": {
        "loc": {
          "start": {
            "line": 254,
            "column": 6
          },
          "end": {
            "line": 258,
            "column": 14
          }
        },
        "type": "binary-expr",
        "locations": [
          {
            "start": {
              "line": 254,
              "column": 7
            },
            "end": {
              "line": 254,
              "column": 17
            }
          },
          {
            "start": {
              "line": 254,
              "column": 21
            },
            "end": {
              "line": 254,
              "column": 26
            }
          },
          {
            "start": {
              "line": 254,
              "column": 47
            },
            "end": {
              "line": 258,
              "column": 14
            }
          }
        ],
        "line": 254
      },
      "6": {
        "loc": {
          "start": {
            "line": 254,
            "column": 96
          },
          "end": {
            "line": 254,
            "column": 115
          }
        },
        "type": "binary-expr",
        "locations": [
          {
            "start": {
              "line": 254,
              "column": 96
            },
            "end": {
              "line": 254,
              "column": 106
            }
          },
          {
            "start": {
              "line": 254,
              "column": 110
            },
            "end": {
              "line": 254,
              "column": 115
            }
          }
        ],
        "line": 254
      },
      "7": {
        "loc": {
          "start": {
            "line": 270,
            "column": 89
          },
          "end": {
            "line": 270,
            "column": 133
          }
        },
        "type": "cond-expr",
        "locations": [
          {
            "start": {
              "line": 270,
              "column": 99
            },
            "end": {
              "line": 270,
              "column": 110
            }
          },
          {
            "start": {
              "line": 270,
              "column": 113
            },
            "end": {
              "line": 270,
              "column": 133
            }
          }
        ],
        "line": 270
      }
    },
    "s": {
      "0": 808,
      "1": 808,
      "2": 808,
      "3": 808,
      "4": 808,
      "5": 808,
      "6": 808,
      "7": 808,
      "8": 808,
      "9": 808,
      "10": 808,
      "11": 0,
      "12": 808,
      "13": 808,
      "14": 36,
      "15": 36,
      "16": 16,
      "17": 16,
      "18": 20,
      "19": 12,
      "20": 12,
      "21": 8,
      "22": 8,
      "23": 8,
      "24": 8,
      "25": 808,
      "26": 320,
      "27": 180,
      "28": 168,
      "29": 48,
      "30": 0,
      "31": 0,
      "32": 0
    },
    "f": {
      "0": 808,
      "1": 36,
      "2": 320,
      "3": 180,
      "4": 168,
      "5": 48,
      "6": 0,
      "7": 0,
      "8": 0
    },
    "b": {
      "0": [
        0,
        808
      ],
      "1": [
        16,
        20
      ],
      "2": [
        36,
        20
      ],
      "3": [
        12,
        8
      ],
      "4": [
        8,
        8
      ],
      "5": [
        808,
        780,
        28
      ],
      "6": [
        28,
        0
      ],
      "7": [
        0,
        808
      ]
    },
    "inputSourceMap": {
      "version": 3,
      "sources": [
        "/Users/tinnie/Desktop/EFFLORENSE tina/efflorense/src/pages/auth/register/index.tsx"
      ],
      "mappings": "AA4CM;AA5CN,SAAoB,YAAY,gBAAgB;AAChD,SAAS,MAAM,mBAAmB;AAClC,SAAS,mBAAmB;AAC5B,OAAO,YAAY;AAEnB,wBAAwB,eAAe;AACrC,QAAM,OAAO,WAAW,WAAW;AACnC,QAAM,WAAW,YAAY;AAE7B,QAAM,CAAC,OAAO,QAAQ,IAAI,SAAS,EAAE;AACrC,QAAM,CAAC,UAAU,WAAW,IAAI,SAAS,EAAE;AAC3C,QAAM,CAAC,SAAS,UAAU,IAAI,SAAS,EAAE;AACzC,QAAM,CAAC,UAAU,WAAW,IAAI,SAAS,EAAE;AAC3C,QAAM,CAAC,MAAM,OAAO,IAAI,SAAS,EAAE;AACnC,QAAM,CAAC,SAAS,UAAU,IAAI,SAAS,EAAE;AACzC,QAAM,CAAC,OAAO,QAAQ,IAAI,SAAS,EAAE;AACrC,QAAM,CAAC,YAAY,aAAa,IAAI,SAAwB,IAAI;AAEhE,MAAI,CAAC,KAAM,QAAO;AAElB,QAAM,EAAE,UAAU,SAAS,MAAM,IAAI;AAErC,QAAM,eAAe,OAAO,MAAiB;AAC3C,MAAE,eAAe;AAEjB,QAAI,CAAC,SAAS,CAAC,UAAU;AACvB,oBAAc,8BAA8B;AAC5C;AAAA,IACF;AAEA,QAAI,aAAa,SAAS;AACxB,oBAAc,yBAAyB;AACvC;AAAA,IACF;AACA,kBAAc,IAAI;AAElB,QAAI;AACF,YAAM,SAAS,OAAO,UAAU,QAAQ,UAAU,KAAK;AACvD,eAAS,eAAe,EAAE,SAAS,KAAK,CAAC;AAAA,IAC3C,QAAQ;AAAA,IAAC;AAAA,EACX;AAEA,SACE,uBAAC,aAAQ,WAAW,OAAO,MACzB;AAAA,2BAAC,QAAK,IAAG,KAAI,WAAW,OAAO,OAAO,iBAAtC;AAAA;AAAA;AAAA;AAAA,WAEA;AAAA,IAEA,uBAAC,QAAG,WAAW,OAAO,OAAO,4BAA7B;AAAA;AAAA;AAAA;AAAA,WAAyC;AAAA,IAEzC,uBAAC,UAAK,WAAW,OAAO,MAAM,UAAU,cACtC;AAAA,6BAAC,WAAM,WAAW,OAAO,OACvB;AAAA,+BAAC,UAAK,WAAW,OAAO,OAAO,2BAA/B;AAAA;AAAA;AAAA;AAAA,eAA0C;AAAA,QAC1C;AAAA,UAAC;AAAA;AAAA,YACC,WAAW,OAAO;AAAA,YAClB,MAAK;AAAA,YACL,aAAY;AAAA,YACZ,OAAO;AAAA,YACP,UAAU,CAAC,MAAM,SAAS,EAAE,OAAO,KAAK;AAAA,YACxC,UAAQ;AAAA;AAAA,UANV;AAAA;AAAA;AAAA;AAAA;AAAA;AAAA;AAAA;AAAA,QAOA;AAAA,WATF;AAAA;AAAA;AAAA;AAAA,aAUA;AAAA,MAEA,uBAAC,WAAM,WAAW,OAAO,OACvB;AAAA,+BAAC,UAAK,WAAW,OAAO,OAAO,8BAA/B;AAAA;AAAA;AAAA;AAAA,eAA6C;AAAA,QAC7C;AAAA,UAAC;AAAA;AAAA,YACC,WAAW,OAAO;AAAA,YAClB,MAAK;AAAA,YACL,aAAY;AAAA,YACZ,OAAO;AAAA,YACP,UAAU,CAAC,MAAM,YAAY,EAAE,OAAO,KAAK;AAAA,YAC3C,UAAQ;AAAA;AAAA,UANV;AAAA;AAAA;AAAA;AAAA;AAAA;AAAA;AAAA;AAAA,QAOA;AAAA,WATF;AAAA;AAAA;AAAA;AAAA,aAUA;AAAA,MAEA,uBAAC,WAAM,WAAW,OAAO,OACvB;AAAA,+BAAC,UAAK,WAAW,OAAO,OAAO,sCAA/B;AAAA;AAAA;AAAA;AAAA,eAAqD;AAAA,QACrD;AAAA,UAAC;AAAA;AAAA,YACC,WAAW,OAAO;AAAA,YAClB,MAAK;AAAA,YACL,aAAY;AAAA,YACZ,OAAO;AAAA,YACP,UAAU,CAAC,MAAM,WAAW,EAAE,OAAO,KAAK;AAAA,YAC1C,UAAQ;AAAA;AAAA,UANV;AAAA;AAAA;AAAA;AAAA;AAAA;AAAA;AAAA;AAAA,QAOA;AAAA,WATF;AAAA;AAAA;AAAA;AAAA,aAUA;AAAA,MAEA,uBAAC,WAAM,WAAW,OAAO,OACvB;AAAA,+BAAC,UAAK,WAAW,OAAO,OAAO,6BAA/B;AAAA;AAAA;AAAA;AAAA,eAA4C;AAAA,QAC5C;AAAA,UAAC;AAAA;AAAA,YACC,WAAW,OAAO;AAAA,YAClB,MAAK;AAAA,YACL,aAAY;AAAA,YACZ,OAAO;AAAA,YACP,UAAU,CAAC,MAAM,YAAY,EAAE,OAAO,KAAK;AAAA;AAAA,UAL7C;AAAA;AAAA;AAAA;AAAA;AAAA;AAAA;AAAA;AAAA,QAMA;AAAA,WARF;AAAA;AAAA;AAAA;AAAA,aASA;AAAA,MAEA,uBAAC,WAAM,WAAW,OAAO,OACvB;AAAA,+BAAC,UAAK,WAAW,OAAO,OAAO,yBAA/B;AAAA;AAAA;AAAA;AAAA,eAAwC;AAAA,QACxC;AAAA,UAAC;AAAA;AAAA,YACC,WAAW,OAAO;AAAA,YAClB,MAAK;AAAA,YACL,aAAY;AAAA,YACZ,OAAO;AAAA,YACP,UAAU,CAAC,MAAM,QAAQ,EAAE,OAAO,KAAK;AAAA;AAAA,UALzC;AAAA;AAAA;AAAA;AAAA;AAAA;AAAA;AAAA;AAAA,QAMA;AAAA,WARF;AAAA;AAAA;AAAA;AAAA,aASA;AAAA,MAEA,uBAAC,WAAM,WAAW,OAAO,OACvB;AAAA,+BAAC,UAAK,WAAW,OAAO,OAAO,4BAA/B;AAAA;AAAA;AAAA;AAAA,eAA2C;AAAA,QAC3C;AAAA,UAAC;AAAA;AAAA,YACC,WAAW,OAAO;AAAA,YAClB,MAAK;AAAA,YACL,aAAY;AAAA,YACZ,OAAO;AAAA,YACP,UAAU,CAAC,MAAM,WAAW,EAAE,OAAO,KAAK;AAAA;AAAA,UAL5C;AAAA;AAAA;AAAA;AAAA;AAAA;AAAA;AAAA;AAAA,QAMA;AAAA,WARF;AAAA;AAAA;AAAA;AAAA,aASA;AAAA,MAEA,uBAAC,WAAM,WAAW,OAAO,OACvB;AAAA,+BAAC,UAAK,WAAW,OAAO,OAAO,iCAA/B;AAAA;AAAA;AAAA;AAAA,eAAgD;AAAA,QAChD;AAAA,UAAC;AAAA;AAAA,YACC,WAAW,OAAO;AAAA,YAClB,MAAK;AAAA,YACL,aAAY;AAAA,YACZ,OAAO;AAAA,YACP,UAAU,CAAC,MAAM,SAAS,EAAE,OAAO,KAAK;AAAA;AAAA,UAL1C;AAAA;AAAA;AAAA;AAAA;AAAA;AAAA;AAAA;AAAA,QAMA;AAAA,WARF;AAAA;AAAA;AAAA;AAAA,aASA;AAAA,OAEE,cAAc,UAAU,uBAAC,OAAE,WAAW,OAAO,OAAQ,wBAAc,SAA3C;AAAA;AAAA;AAAA;AAAA,aAAiD;AAAA,MAE3E,uBAAC,YAAO,WAAW,OAAO,eAAe,MAAK,UAAS,UAAU,SAC/D;AAAA,+BAAC,UAAK,WAAW,OAAO,qBAAxB;AAAA;AAAA;AAAA;AAAA,eAA2C;AAAA,QAC3C,uBAAC,UAAK,WAAW,OAAO,uBAAxB;AAAA;AAAA;AAAA;AAAA,eAA6C;AAAA,QAC7C,uBAAC,UAAK,WAAW,OAAO,oBACrB,oBAAU,cAAc,wBAD3B;AAAA;AAAA;AAAA;AAAA,eAEA;AAAA,WALF;AAAA;AAAA;AAAA;AAAA,aAMA;AAAA,SAzFF;AAAA;AAAA;AAAA;AAAA,WA0FA;AAAA,IAEA,uBAAC,SAAI,WAAW,OAAO,QACrB;AAAA,6BAAC,OAAE,WAAW,OAAO,MAAM,wCAA3B;AAAA;AAAA;AAAA;AAAA,aAAmD;AAAA,MACnD,uBAAC,QAAK,IAAG,eAAc,WAAW,OAAO,iBACvC;AAAA,+BAAC,UAAK,WAAW,OAAO,uBAAxB;AAAA;AAAA;AAAA;AAAA,eAA6C;AAAA,QAC7C,uBAAC,UAAK,WAAW,OAAO,sBAAsB,sBAA9C;AAAA;AAAA;AAAA;AAAA,eAAoD;AAAA,WAFtD;AAAA;AAAA;AAAA;AAAA,aAGA;AAAA,SALF;AAAA;AAAA;AAAA;AAAA,WAMA;AAAA,OAzGF;AAAA;AAAA;AAAA;AAAA,SA0GA;AAEJ;",
      "names": []
    },
    "_coverageSchema": "1a1c01bbd47fc00a2c39e90264f33305004495a9",
    "hash": "6710df3656423d111ce6f88312334764e0bbbfe7"
  },
  "/Users/tinnie/Desktop/EFFLORENSE tina/efflorense/src/pages/home/after/index.tsx": {
    "path": "/Users/tinnie/Desktop/EFFLORENSE tina/efflorense/src/pages/home/after/index.tsx",
    "statementMap": {
      "0": {
        "start": {
          "line": 5,
          "column": 2
        },
        "end": {
          "line": 93,
          "column": 11
        }
      }
    },
    "fnMap": {
      "0": {
        "name": "HomeAfterPage",
        "decl": {
          "start": {
            "line": 4,
            "column": 24
          },
          "end": {
            "line": 4,
            "column": 37
          }
        },
        "loc": {
          "start": {
            "line": 4,
            "column": 40
          },
          "end": {
            "line": 94,
            "column": 1
          }
        },
        "line": 4
      }
    },
    "branchMap": {},
    "s": {
      "0": 36
    },
    "f": {
      "0": 36
    },
    "b": {},
    "inputSourceMap": {
      "version": 3,
      "sources": [
        "/Users/tinnie/Desktop/EFFLORENSE tina/efflorense/src/pages/home/after/index.tsx"
      ],
      "mappings": "AAMM;AANN,SAAS,YAAY;AACrB,OAAO,YAAY;AAEnB,wBAAwB,gBAAgB;AACtC,SACE,uBAAC,aAAQ,WAAW,OAAO,MACzB;AAAA,2BAAC,SAAI,WAAW,OAAO,WAAvB;AAAA;AAAA;AAAA;AAAA,WAAgC;AAAA,IAEhC,uBAAC,QAAK,IAAG,KAAI,WAAW,OAAO,OAAO,iBAAtC;AAAA;AAAA;AAAA;AAAA,WAEA;AAAA,IAEA,uBAAC,SAAI,WAAW,OAAO,QACrB;AAAA,6BAAC,SAAI,WAAW,OAAO,UACrB,iCAAC,QAAG,WAAW,OAAO,OAAO,0BAA7B;AAAA;AAAA;AAAA;AAAA,aAAuC,KADzC;AAAA;AAAA;AAAA;AAAA,aAEA;AAAA,MAEA,uBAAC,OAAE,WAAW,OAAO,UAAU,+DAA/B;AAAA;AAAA;AAAA;AAAA,aAA8E;AAAA,MAE9E,uBAAC,SAAI,WAAW,OAAO,SACrB;AAAA,+BAAC,QAAK,IAAG,YAAW,WAAW,OAAO,KACpC;AAAA,iCAAC,UAAK,WAAW,OAAO,WAAxB;AAAA;AAAA;AAAA;AAAA,iBAAiC;AAAA,UACjC,uBAAC,UAAK,WAAW,OAAO,UAAU,8BAAlC;AAAA;AAAA;AAAA;AAAA,iBAAgD;AAAA,aAFlD;AAAA;AAAA;AAAA;AAAA,eAGA;AAAA,QACA,uBAAC,QAAK,IAAG,SAAQ,WAAW,OAAO,KACjC;AAAA,iCAAC,UAAK,WAAW,OAAO,WAAxB;AAAA;AAAA;AAAA;AAAA,iBAAiC;AAAA,UACjC,uBAAC,UAAK,WAAW,OAAO,UAAU,gCAAlC;AAAA;AAAA;AAAA;AAAA,iBAAkD;AAAA,aAFpD;AAAA;AAAA;AAAA;AAAA,eAGA;AAAA,WARF;AAAA;AAAA;AAAA;AAAA,aASA;AAAA,MAEA,uBAAC,SAAI,WAAW,OAAO,YAAY,sBAAnC;AAAA;AAAA;AAAA;AAAA,aAAyC;AAAA,MACzC,uBAAC,SAAI,WAAW,OAAO,QAAQ,0BAA/B;AAAA;AAAA;AAAA;AAAA,aAAyC;AAAA,MACzC,uBAAC,SAAI,WAAW,OAAO,UAAU,iDAAjC;AAAA;AAAA;AAAA;AAAA,aAAkE;AAAA,SApBpE;AAAA;AAAA;AAAA;AAAA,WAqBA;AAAA,OA5BF;AAAA;AAAA;AAAA;AAAA,SA6BA;AAEJ;",
      "names": []
    },
    "_coverageSchema": "1a1c01bbd47fc00a2c39e90264f33305004495a9",
    "hash": "7c11394bcddb02dfdf0d4ebb958d760381fd5720"
  }
}