{
  "/Users/tinnie/Desktop/EFFLORENSE tina/efflorense/src/widgets/Footer/index.tsx": {
    "path": "/Users/tinnie/Desktop/EFFLORENSE tina/efflorense/src/widgets/Footer/index.tsx",
    "statementMap": {
      "0": {
        "start": {
          "line": 4,
          "column": 2
        },
        "end": {
          "line": 38,
          "column": 11
        }
      },
      "1": {
        "start": {
          "line": 40,
          "column": 0
        },
        "end": {
          "line": 40,
          "column": 12
        }
      },
      "2": {
        "start": {
          "line": 42,
          "column": 0
        },
        "end": {
          "line": 42,
          "column": 27
        }
      },
      "3": {
        "start": {
          "line": 44,
          "column": 20
        },
        "end": {
          "line": 44,
          "column": 97
        }
      },
      "4": {
        "start": {
          "line": 45,
          "column": 0
        },
        "end": {
          "line": 59,
          "column": 1
        }
      },
      "5": {
        "start": {
          "line": 46,
          "column": 2
        },
        "end": {
          "line": 50,
          "column": 3
        }
      },
      "6": {
        "start": {
          "line": 47,
          "column": 4
        },
        "end": {
          "line": 49,
          "column": 6
        }
      },
      "7": {
        "start": {
          "line": 51,
          "column": 2
        },
        "end": {
          "line": 58,
          "column": 5
        }
      },
      "8": {
        "start": {
          "line": 52,
          "column": 4
        },
        "end": {
          "line": 52,
          "column": 147
        }
      },
      "9": {
        "start": {
          "line": 53,
          "column": 4
        },
        "end": {
          "line": 57,
          "column": 7
        }
      },
      "10": {
        "start": {
          "line": 54,
          "column": 6
        },
        "end": {
          "line": 54,
          "column": 31
        }
      },
      "11": {
        "start": {
          "line": 54,
          "column": 24
        },
        "end": {
          "line": 54,
          "column": 31
        }
      },
      "12": {
        "start": {
          "line": 55,
          "column": 32
        },
        "end": {
          "line": 55,
          "column": 196
        }
      },
      "13": {
        "start": {
          "line": 56,
          "column": 6
        },
        "end": {
          "line": 56,
          "column": 75
        }
      },
      "14": {
        "start": {
          "line": 56,
          "column": 29
        },
        "end": {
          "line": 56,
          "column": 75
        }
      },
      "15": {
        "start": {
          "line": 61,
          "column": 2
        },
        "end": {
          "line": 61,
          "column": 126
        }
      },
      "16": {
        "start": {
          "line": 64,
          "column": 2
        },
        "end": {
          "line": 64,
          "column": 62
        }
      }
    },
    "fnMap": {
      "0": {
        "name": "Footer",
        "decl": {
          "start": {
            "line": 3,
            "column": 16
          },
          "end": {
            "line": 3,
            "column": 22
          }
        },
        "loc": {
          "start": {
            "line": 3,
            "column": 25
          },
          "end": {
            "line": 39,
            "column": 1
          }
        },
        "line": 3
      },
      "1": {
        "name": "(anonymous_1)",
        "decl": {
          "start": {
            "line": 51,
            "column": 52
          },
          "end": {
            "line": 51,
            "column": 53
          }
        },
        "loc": {
          "start": {
            "line": 51,
            "column": 72
          },
          "end": {
            "line": 58,
            "column": 3
          }
        },
        "line": 51
      },
      "2": {
        "name": "(anonymous_2)",
        "decl": {
          "start": {
            "line": 53,
            "column": 27
          },
          "end": {
            "line": 53,
            "column": 28
          }
        },
        "loc": {
          "start": {
            "line": 53,
            "column": 44
          },
          "end": {
            "line": 57,
            "column": 5
          }
        },
        "line": 53
      },
      "3": {
        "name": "$RefreshReg$",
        "decl": {
          "start": {
            "line": 60,
            "column": 9
          },
          "end": {
            "line": 60,
            "column": 21
          }
        },
        "loc": {
          "start": {
            "line": 60,
            "column": 32
          },
          "end": {
            "line": 62,
            "column": 1
          }
        },
        "line": 60
      },
      "4": {
        "name": "$RefreshSig$",
        "decl": {
          "start": {
            "line": 63,
            "column": 9
          },
          "end": {
            "line": 63,
            "column": 21
          }
        },
        "loc": {
          "start": {
            "line": 63,
            "column": 24
          },
          "end": {
            "line": 65,
            "column": 1
          }
        },
        "line": 63
      }
    },
    "branchMap": {
      "0": {
        "loc": {
          "start": {
            "line": 44,
            "column": 20
          },
          "end": {
            "line": 44,
            "column": 97
          }
        },
        "type": "binary-expr",
        "locations": [
          {
            "start": {
              "line": 44,
              "column": 20
            },
            "end": {
              "line": 44,
              "column": 60
            }
          },
          {
            "start": {
              "line": 44,
              "column": 64
            },
            "end": {
              "line": 44,
              "column": 97
            }
          }
        ],
        "line": 44
      },
      "1": {
        "loc": {
          "start": {
            "line": 45,
            "column": 0
          },
          "end": {
            "line": 59,
            "column": 1
          }
        },
        "type": "if",
        "locations": [
          {
            "start": {
              "line": 45,
              "column": 0
            },
            "end": {
              "line": 59,
              "column": 1
            }
          },
          {
            "start": {},
            "end": {}
          }
        ],
        "line": 45
      },
      "2": {
        "loc": {
          "start": {
            "line": 45,
            "column": 4
          },
          "end": {
            "line": 45,
            "column": 35
          }
        },
        "type": "binary-expr",
        "locations": [
          {
            "start": {
              "line": 45,
              "column": 4
            },
            "end": {
              "line": 45,
              "column": 19
            }
          },
          {
            "start": {
              "line": 45,
              "column": 23
            },
            "end": {
              "line": 45,
              "column": 35
            }
          }
        ],
        "line": 45
      },
      "3": {
        "loc": {
          "start": {
            "line": 46,
            "column": 2
          },
          "end": {
            "line": 50,
            "column": 3
          }
        },
        "type": "if",
        "locations": [
          {
            "start": {
              "line": 46,
              "column": 2
            },
            "end": {
              "line": 50,
              "column": 3
            }
          },
          {
            "start": {},
            "end": {}
          }
        ],
        "line": 46
      },
      "4": {
        "loc": {
          "start": {
            "line": 54,
            "column": 6
          },
          "end": {
            "line": 54,
            "column": 31
          }
        },
        "type": "if",
        "locations": [
          {
            "start": {
              "line": 54,
              "column": 6
            },
            "end": {
              "line": 54,
              "column": 31
            }
          },
          {
            "start": {},
            "end": {}
          }
        ],
        "line": 54
      },
      "5": {
        "loc": {
          "start": {
            "line": 56,
            "column": 6
          },
          "end": {
            "line": 56,
            "column": 75
          }
        },
        "type": "if",
        "locations": [
          {
            "start": {
              "line": 56,
              "column": 6
            },
            "end": {
              "line": 56,
              "column": 75
            }
          },
          {
            "start": {},
            "end": {}
          }
        ],
        "line": 56
      }
    },
    "s": {
      "0": 2,
      "1": 2,
      "2": 2,
      "3": 2,
      "4": 2,
      "5": 2,
      "6": 0,
      "7": 2,
      "8": 2,
      "9": 2,
      "10": 0,
      "11": 0,
      "12": 0,
      "13": 0,
      "14": 0,
      "15": 2,
      "16": 0
    },
    "f": {
      "0": 2,
      "1": 2,
      "2": 0,
      "3": 2,
      "4": 0
    },
    "b": {
      "0": [2, 0],
      "1": [2, 0],
      "2": [2, 2],
      "3": [0, 2],
      "4": [0, 0],
      "5": [0, 0]
    },
    "inputSourceMap": {
      "version": 3,
      "mappings": "AAKM;AALN,OAAOA,YAAY;AAEZ,gBAASC,SAAS;AACvB,SACE,uBAAC,YAAO,WAAWD,OAAOE,QACxB;AAAA,2BAAC,UAAK,WAAW,GAAGF,OAAOG,MAAM,IAAIH,OAAOI,EAAE,MAA9C;AAAA;AAAA;AAAA;AAAA,WAAiD;AAAA,IACjD,uBAAC,UAAK,WAAW,GAAGJ,OAAOG,MAAM,IAAIH,OAAOK,EAAE,MAA9C;AAAA;AAAA;AAAA;AAAA,WAAiD;AAAA,IACjD,uBAAC,UAAK,WAAW,GAAGL,OAAOG,MAAM,IAAIH,OAAOM,EAAE,MAA9C;AAAA;AAAA;AAAA;AAAA,WAAiD;AAAA,IAEjD,uBAAC,QAAG,WAAWN,OAAOO,OAAO,kCAA7B;AAAA;AAAA;AAAA;AAAA,WAA+C;AAAA,IAE/C,uBAAC,SAAI,WAAWP,OAAOQ,UACrB,iCAAC,SAAI,WAAWR,OAAOS,OAAO,0BAA9B;AAAA;AAAA;AAAA;AAAA,WAAwC,KAD1C;AAAA;AAAA;AAAA;AAAA,WAEA;AAAA,OATF;AAAA;AAAA;AAAA;AAAA,SAUA;AAEJ;AAACC,KAdeT;AAAM,IAAAS;AAAAC,aAAAD,IAAA",
      "names": [
        "styles",
        "Footer",
        "footer",
        "circle",
        "c1",
        "c2",
        "c3",
        "title",
        "brandBox",
        "brand",
        "_c",
        "$RefreshReg$"
      ],
      "ignoreList": [],
      "sources": ["/Users/tinnie/Desktop/EFFLORENSE tina/efflorense/src/widgets/Footer/index.tsx"],
      "file": "/Users/tinnie/Desktop/EFFLORENSE tina/efflorense/src/widgets/Footer/index.tsx"
    },
    "_coverageSchema": "1a1c01bbd47fc00a2c39e90264f33305004495a9",
    "hash": "653557503c2306a7557abdde8f9e859f94a9916e"
  },
  "/Users/tinnie/Desktop/EFFLORENSE tina/efflorense/src/widgets/MenuFab/MenuFab.tsx": {
    "path": "/Users/tinnie/Desktop/EFFLORENSE tina/efflorense/src/widgets/MenuFab/MenuFab.tsx",
    "statementMap": {
      "0": {
        "start": {
          "line": 2,
          "column": 9
        },
        "end": {
          "line": 2,
          "column": 23
        }
      },
      "1": {
        "start": {
          "line": 5,
          "column": 22
        },
        "end": {
          "line": 5,
          "column": 64
        }
      },
      "2": {
        "start": {
          "line": 7,
          "column": 2
        },
        "end": {
          "line": 7,
          "column": 7
        }
      },
      "3": {
        "start": {
          "line": 8,
          "column": 23
        },
        "end": {
          "line": 8,
          "column": 36
        }
      },
      "4": {
        "start": {
          "line": 9,
          "column": 17
        },
        "end": {
          "line": 9,
          "column": 62
        }
      },
      "5": {
        "start": {
          "line": 9,
          "column": 44
        },
        "end": {
          "line": 9,
          "column": 61
        }
      },
      "6": {
        "start": {
          "line": 10,
          "column": 2
        },
        "end": {
          "line": 10,
          "column": 26
        }
      },
      "7": {
        "start": {
          "line": 10,
          "column": 14
        },
        "end": {
          "line": 10,
          "column": 26
        }
      },
      "8": {
        "start": {
          "line": 11,
          "column": 2
        },
        "end": {
          "line": 15,
          "column": 11
        }
      },
      "9": {
        "start": {
          "line": 17,
          "column": 0
        },
        "end": {
          "line": 19,
          "column": 3
        }
      },
      "10": {
        "start": {
          "line": 18,
          "column": 2
        },
        "end": {
          "line": 18,
          "column": 23
        }
      },
      "11": {
        "start": {
          "line": 20,
          "column": 0
        },
        "end": {
          "line": 20,
          "column": 13
        }
      },
      "12": {
        "start": {
          "line": 22,
          "column": 0
        },
        "end": {
          "line": 22,
          "column": 28
        }
      },
      "13": {
        "start": {
          "line": 24,
          "column": 20
        },
        "end": {
          "line": 24,
          "column": 97
        }
      },
      "14": {
        "start": {
          "line": 25,
          "column": 0
        },
        "end": {
          "line": 39,
          "column": 1
        }
      },
      "15": {
        "start": {
          "line": 26,
          "column": 2
        },
        "end": {
          "line": 30,
          "column": 3
        }
      },
      "16": {
        "start": {
          "line": 27,
          "column": 4
        },
        "end": {
          "line": 29,
          "column": 6
        }
      },
      "17": {
        "start": {
          "line": 31,
          "column": 2
        },
        "end": {
          "line": 38,
          "column": 5
        }
      },
      "18": {
        "start": {
          "line": 32,
          "column": 4
        },
        "end": {
          "line": 32,
          "column": 150
        }
      },
      "19": {
        "start": {
          "line": 33,
          "column": 4
        },
        "end": {
          "line": 37,
          "column": 7
        }
      },
      "20": {
        "start": {
          "line": 34,
          "column": 6
        },
        "end": {
          "line": 34,
          "column": 31
        }
      },
      "21": {
        "start": {
          "line": 34,
          "column": 24
        },
        "end": {
          "line": 34,
          "column": 31
        }
      },
      "22": {
        "start": {
          "line": 35,
          "column": 32
        },
        "end": {
          "line": 35,
          "column": 199
        }
      },
      "23": {
        "start": {
          "line": 36,
          "column": 6
        },
        "end": {
          "line": 36,
          "column": 75
        }
      },
      "24": {
        "start": {
          "line": 36,
          "column": 29
        },
        "end": {
          "line": 36,
          "column": 75
        }
      },
      "25": {
        "start": {
          "line": 41,
          "column": 2
        },
        "end": {
          "line": 41,
          "column": 129
        }
      },
      "26": {
        "start": {
          "line": 44,
          "column": 2
        },
        "end": {
          "line": 44,
          "column": 62
        }
      }
    },
    "fnMap": {
      "0": {
        "name": "MenuFab",
        "decl": {
          "start": {
            "line": 6,
            "column": 24
          },
          "end": {
            "line": 6,
            "column": 31
          }
        },
        "loc": {
          "start": {
            "line": 6,
            "column": 34
          },
          "end": {
            "line": 16,
            "column": 1
          }
        },
        "line": 6
      },
      "1": {
        "name": "(anonymous_1)",
        "decl": {
          "start": {
            "line": 9,
            "column": 36
          },
          "end": {
            "line": 9,
            "column": 37
          }
        },
        "loc": {
          "start": {
            "line": 9,
            "column": 44
          },
          "end": {
            "line": 9,
            "column": 61
          }
        },
        "line": 9
      },
      "2": {
        "name": "(anonymous_2)",
        "decl": {
          "start": {
            "line": 17,
            "column": 51
          },
          "end": {
            "line": 17,
            "column": 52
          }
        },
        "loc": {
          "start": {
            "line": 17,
            "column": 62
          },
          "end": {
            "line": 19,
            "column": 1
          }
        },
        "line": 17
      },
      "3": {
        "name": "(anonymous_3)",
        "decl": {
          "start": {
            "line": 31,
            "column": 52
          },
          "end": {
            "line": 31,
            "column": 53
          }
        },
        "loc": {
          "start": {
            "line": 31,
            "column": 72
          },
          "end": {
            "line": 38,
            "column": 3
          }
        },
        "line": 31
      },
      "4": {
        "name": "(anonymous_4)",
        "decl": {
          "start": {
            "line": 33,
            "column": 27
          },
          "end": {
            "line": 33,
            "column": 28
          }
        },
        "loc": {
          "start": {
            "line": 33,
            "column": 44
          },
          "end": {
            "line": 37,
            "column": 5
          }
        },
        "line": 33
      },
      "5": {
        "name": "$RefreshReg$",
        "decl": {
          "start": {
            "line": 40,
            "column": 9
          },
          "end": {
            "line": 40,
            "column": 21
          }
        },
        "loc": {
          "start": {
            "line": 40,
            "column": 32
          },
          "end": {
            "line": 42,
            "column": 1
          }
        },
        "line": 40
      },
      "6": {
        "name": "$RefreshSig$",
        "decl": {
          "start": {
            "line": 43,
            "column": 9
          },
          "end": {
            "line": 43,
            "column": 21
          }
        },
        "loc": {
          "start": {
            "line": 43,
            "column": 24
          },
          "end": {
            "line": 45,
            "column": 1
          }
        },
        "line": 43
      }
    },
    "branchMap": {
      "0": {
        "loc": {
          "start": {
            "line": 10,
            "column": 2
          },
          "end": {
            "line": 10,
            "column": 26
          }
        },
        "type": "if",
        "locations": [
          {
            "start": {
              "line": 10,
              "column": 2
            },
            "end": {
              "line": 10,
              "column": 26
            }
          },
          {
            "start": {},
            "end": {}
          }
        ],
        "line": 10
      },
      "1": {
        "loc": {
          "start": {
            "line": 24,
            "column": 20
          },
          "end": {
            "line": 24,
            "column": 97
          }
        },
        "type": "binary-expr",
        "locations": [
          {
            "start": {
              "line": 24,
              "column": 20
            },
            "end": {
              "line": 24,
              "column": 60
            }
          },
          {
            "start": {
              "line": 24,
              "column": 64
            },
            "end": {
              "line": 24,
              "column": 97
            }
          }
        ],
        "line": 24
      },
      "2": {
        "loc": {
          "start": {
            "line": 25,
            "column": 0
          },
          "end": {
            "line": 39,
            "column": 1
          }
        },
        "type": "if",
        "locations": [
          {
            "start": {
              "line": 25,
              "column": 0
            },
            "end": {
              "line": 39,
              "column": 1
            }
          },
          {
            "start": {},
            "end": {}
          }
        ],
        "line": 25
      },
      "3": {
        "loc": {
          "start": {
            "line": 25,
            "column": 4
          },
          "end": {
            "line": 25,
            "column": 35
          }
        },
        "type": "binary-expr",
        "locations": [
          {
            "start": {
              "line": 25,
              "column": 4
            },
            "end": {
              "line": 25,
              "column": 19
            }
          },
          {
            "start": {
              "line": 25,
              "column": 23
            },
            "end": {
              "line": 25,
              "column": 35
            }
          }
        ],
        "line": 25
      },
      "4": {
        "loc": {
          "start": {
            "line": 26,
            "column": 2
          },
          "end": {
            "line": 30,
            "column": 3
          }
        },
        "type": "if",
        "locations": [
          {
            "start": {
              "line": 26,
              "column": 2
            },
            "end": {
              "line": 30,
              "column": 3
            }
          },
          {
            "start": {},
            "end": {}
          }
        ],
        "line": 26
      },
      "5": {
        "loc": {
          "start": {
            "line": 34,
            "column": 6
          },
          "end": {
            "line": 34,
            "column": 31
          }
        },
        "type": "if",
        "locations": [
          {
            "start": {
              "line": 34,
              "column": 6
            },
            "end": {
              "line": 34,
              "column": 31
            }
          },
          {
            "start": {},
            "end": {}
          }
        ],
        "line": 34
      },
      "6": {
        "loc": {
          "start": {
            "line": 36,
            "column": 6
          },
          "end": {
            "line": 36,
            "column": 75
          }
        },
        "type": "if",
        "locations": [
          {
            "start": {
              "line": 36,
              "column": 6
            },
            "end": {
              "line": 36,
              "column": 75
            }
          },
          {
            "start": {},
            "end": {}
          }
        ],
        "line": 36
      }
    },
    "s": {
      "0": 2,
      "1": 2,
      "2": 2,
      "3": 2,
      "4": 2,
      "5": 6,
      "6": 2,
      "7": 0,
      "8": 2,
      "9": 2,
      "10": 1,
      "11": 2,
      "12": 2,
      "13": 2,
      "14": 2,
      "15": 2,
      "16": 0,
      "17": 2,
      "18": 2,
      "19": 2,
      "20": 0,
      "21": 0,
      "22": 0,
      "23": 0,
      "24": 0,
      "25": 2,
      "26": 2
    },
    "f": {
      "0": 2,
      "1": 6,
      "2": 1,
      "3": 2,
      "4": 0,
      "5": 2,
      "6": 2
    },
    "b": {
      "0": [0, 2],
      "1": [2, 0],
      "2": [2, 0],
      "3": [2, 2],
      "4": [0, 2],
      "5": [0, 0],
      "6": [0, 0]
    },
    "inputSourceMap": {
      "version": 3,
      "mappings": "AAYI;;AAZJ,SAASA,MAAMC,mBAAmB;AAElC,OAAOC,YAAY;AAEnB,MAAMC,gBAAgB,CAAC,QAAQ,iBAAiB,eAAe;AAE/D,wBAAwBC,UAAU;AAAAC,KAAA;AAChC,QAAM,EAAEC,SAAS,IAAIL,YAAY;AACjC,QAAMM,SAASJ,cAAcK,KAAK,CAACC,OAAOA,GAAGC,KAAKJ,QAAQ,CAAC;AAC3D,MAAIC,OAAQ,QAAO;AAEnB,SACE,uBAAC,QAAK,IAAG,SAAQ,WAAWL,OAAOS,KAAK,cAAW,aAAW,oBAA9D;AAAA;AAAA;AAAA;AAAA,SAEA;AAEJ;AAACN,GAVuBD,SAAO;AAAA,UACRH,WAAW;AAAA;AAAAW,KADVR;AAAO,IAAAQ;AAAAC,aAAAD,IAAA",
      "names": [
        "Link",
        "useLocation",
        "styles",
        "HIDE_PATTERNS",
        "MenuFab",
        "_s",
        "pathname",
        "hidden",
        "some",
        "rx",
        "test",
        "btn",
        "_c",
        "$RefreshReg$"
      ],
      "ignoreList": [],
      "sources": [
        "/Users/tinnie/Desktop/EFFLORENSE tina/efflorense/src/widgets/MenuFab/MenuFab.tsx"
      ],
      "file": "/Users/tinnie/Desktop/EFFLORENSE tina/efflorense/src/widgets/MenuFab/MenuFab.tsx"
    },
    "_coverageSchema": "1a1c01bbd47fc00a2c39e90264f33305004495a9",
    "hash": "955b00ac634e3ccb6fda9be6c60ad8c7c85a630c"
  },
  "/Users/tinnie/Desktop/EFFLORENSE tina/efflorense/src/shared/ui/ScrollToTop.tsx": {
    "path": "/Users/tinnie/Desktop/EFFLORENSE tina/efflorense/src/shared/ui/ScrollToTop.tsx",
    "statementMap": {
      "0": {
        "start": {
          "line": 1,
          "column": 9
        },
        "end": {
          "line": 1,
          "column": 23
        }
      },
      "1": {
        "start": {
          "line": 5,
          "column": 2
        },
        "end": {
          "line": 5,
          "column": 7
        }
      },
      "2": {
        "start": {
          "line": 6,
          "column": 23
        },
        "end": {
          "line": 6,
          "column": 36
        }
      },
      "3": {
        "start": {
          "line": 7,
          "column": 2
        },
        "end": {
          "line": 21,
          "column": 17
        }
      },
      "4": {
        "start": {
          "line": 8,
          "column": 21
        },
        "end": {
          "line": 16,
          "column": 5
        }
      },
      "5": {
        "start": {
          "line": 9,
          "column": 6
        },
        "end": {
          "line": 9,
          "column": 28
        }
      },
      "6": {
        "start": {
          "line": 10,
          "column": 19
        },
        "end": {
          "line": 10,
          "column": 49
        }
      },
      "7": {
        "start": {
          "line": 11,
          "column": 6
        },
        "end": {
          "line": 13,
          "column": 7
        }
      },
      "8": {
        "start": {
          "line": 12,
          "column": 8
        },
        "end": {
          "line": 12,
          "column": 61
        }
      },
      "9": {
        "start": {
          "line": 14,
          "column": 6
        },
        "end": {
          "line": 14,
          "column": 45
        }
      },
      "10": {
        "start": {
          "line": 15,
          "column": 6
        },
        "end": {
          "line": 15,
          "column": 34
        }
      },
      "11": {
        "start": {
          "line": 17,
          "column": 4
        },
        "end": {
          "line": 17,
          "column": 15
        }
      },
      "12": {
        "start": {
          "line": 18,
          "column": 4
        },
        "end": {
          "line": 18,
          "column": 36
        }
      },
      "13": {
        "start": {
          "line": 19,
          "column": 14
        },
        "end": {
          "line": 19,
          "column": 39
        }
      },
      "14": {
        "start": {
          "line": 20,
          "column": 4
        },
        "end": {
          "line": 20,
          "column": 33
        }
      },
      "15": {
        "start": {
          "line": 20,
          "column": 17
        },
        "end": {
          "line": 20,
          "column": 32
        }
      },
      "16": {
        "start": {
          "line": 22,
          "column": 2
        },
        "end": {
          "line": 22,
          "column": 14
        }
      },
      "17": {
        "start": {
          "line": 24,
          "column": 0
        },
        "end": {
          "line": 26,
          "column": 3
        }
      },
      "18": {
        "start": {
          "line": 25,
          "column": 2
        },
        "end": {
          "line": 25,
          "column": 23
        }
      },
      "19": {
        "start": {
          "line": 27,
          "column": 0
        },
        "end": {
          "line": 27,
          "column": 17
        }
      },
      "20": {
        "start": {
          "line": 29,
          "column": 0
        },
        "end": {
          "line": 29,
          "column": 32
        }
      },
      "21": {
        "start": {
          "line": 31,
          "column": 20
        },
        "end": {
          "line": 31,
          "column": 97
        }
      },
      "22": {
        "start": {
          "line": 32,
          "column": 0
        },
        "end": {
          "line": 46,
          "column": 1
        }
      },
      "23": {
        "start": {
          "line": 33,
          "column": 2
        },
        "end": {
          "line": 37,
          "column": 3
        }
      },
      "24": {
        "start": {
          "line": 34,
          "column": 4
        },
        "end": {
          "line": 36,
          "column": 6
        }
      },
      "25": {
        "start": {
          "line": 38,
          "column": 2
        },
        "end": {
          "line": 45,
          "column": 5
        }
      },
      "26": {
        "start": {
          "line": 39,
          "column": 4
        },
        "end": {
          "line": 39,
          "column": 148
        }
      },
      "27": {
        "start": {
          "line": 40,
          "column": 4
        },
        "end": {
          "line": 44,
          "column": 7
        }
      },
      "28": {
        "start": {
          "line": 41,
          "column": 6
        },
        "end": {
          "line": 41,
          "column": 31
        }
      },
      "29": {
        "start": {
          "line": 41,
          "column": 24
        },
        "end": {
          "line": 41,
          "column": 31
        }
      },
      "30": {
        "start": {
          "line": 42,
          "column": 32
        },
        "end": {
          "line": 42,
          "column": 197
        }
      },
      "31": {
        "start": {
          "line": 43,
          "column": 6
        },
        "end": {
          "line": 43,
          "column": 75
        }
      },
      "32": {
        "start": {
          "line": 43,
          "column": 29
        },
        "end": {
          "line": 43,
          "column": 75
        }
      },
      "33": {
        "start": {
          "line": 48,
          "column": 2
        },
        "end": {
          "line": 48,
          "column": 127
        }
      },
      "34": {
        "start": {
          "line": 51,
          "column": 2
        },
        "end": {
          "line": 51,
          "column": 62
        }
      }
    },
    "fnMap": {
      "0": {
        "name": "ScrollToTop",
        "decl": {
          "start": {
            "line": 4,
            "column": 16
          },
          "end": {
            "line": 4,
            "column": 27
          }
        },
        "loc": {
          "start": {
            "line": 4,
            "column": 30
          },
          "end": {
            "line": 23,
            "column": 1
          }
        },
        "line": 4
      },
      "1": {
        "name": "(anonymous_1)",
        "decl": {
          "start": {
            "line": 7,
            "column": 12
          },
          "end": {
            "line": 7,
            "column": 13
          }
        },
        "loc": {
          "start": {
            "line": 7,
            "column": 18
          },
          "end": {
            "line": 21,
            "column": 3
          }
        },
        "line": 7
      },
      "2": {
        "name": "(anonymous_2)",
        "decl": {
          "start": {
            "line": 8,
            "column": 21
          },
          "end": {
            "line": 8,
            "column": 22
          }
        },
        "loc": {
          "start": {
            "line": 8,
            "column": 27
          },
          "end": {
            "line": 16,
            "column": 5
          }
        },
        "line": 8
      },
      "3": {
        "name": "(anonymous_3)",
        "decl": {
          "start": {
            "line": 20,
            "column": 11
          },
          "end": {
            "line": 20,
            "column": 12
          }
        },
        "loc": {
          "start": {
            "line": 20,
            "column": 17
          },
          "end": {
            "line": 20,
            "column": 32
          }
        },
        "line": 20
      },
      "4": {
        "name": "(anonymous_4)",
        "decl": {
          "start": {
            "line": 24,
            "column": 55
          },
          "end": {
            "line": 24,
            "column": 56
          }
        },
        "loc": {
          "start": {
            "line": 24,
            "column": 66
          },
          "end": {
            "line": 26,
            "column": 1
          }
        },
        "line": 24
      },
      "5": {
        "name": "(anonymous_5)",
        "decl": {
          "start": {
            "line": 38,
            "column": 52
          },
          "end": {
            "line": 38,
            "column": 53
          }
        },
        "loc": {
          "start": {
            "line": 38,
            "column": 72
          },
          "end": {
            "line": 45,
            "column": 3
          }
        },
        "line": 38
      },
      "6": {
        "name": "(anonymous_6)",
        "decl": {
          "start": {
            "line": 40,
            "column": 27
          },
          "end": {
            "line": 40,
            "column": 28
          }
        },
        "loc": {
          "start": {
            "line": 40,
            "column": 44
          },
          "end": {
            "line": 44,
            "column": 5
          }
        },
        "line": 40
      },
      "7": {
        "name": "$RefreshReg$",
        "decl": {
          "start": {
            "line": 47,
            "column": 9
          },
          "end": {
            "line": 47,
            "column": 21
          }
        },
        "loc": {
          "start": {
            "line": 47,
            "column": 32
          },
          "end": {
            "line": 49,
            "column": 1
          }
        },
        "line": 47
      },
      "8": {
        "name": "$RefreshSig$",
        "decl": {
          "start": {
            "line": 50,
            "column": 9
          },
          "end": {
            "line": 50,
            "column": 21
          }
        },
        "loc": {
          "start": {
            "line": 50,
            "column": 24
          },
          "end": {
            "line": 52,
            "column": 1
          }
        },
        "line": 50
      }
    },
    "branchMap": {
      "0": {
        "loc": {
          "start": {
            "line": 11,
            "column": 6
          },
          "end": {
            "line": 13,
            "column": 7
          }
        },
        "type": "if",
        "locations": [
          {
            "start": {
              "line": 11,
              "column": 6
            },
            "end": {
              "line": 13,
              "column": 7
            }
          },
          {
            "start": {},
            "end": {}
          }
        ],
        "line": 11
      },
      "1": {
        "loc": {
          "start": {
            "line": 31,
            "column": 20
          },
          "end": {
            "line": 31,
            "column": 97
          }
        },
        "type": "binary-expr",
        "locations": [
          {
            "start": {
              "line": 31,
              "column": 20
            },
            "end": {
              "line": 31,
              "column": 60
            }
          },
          {
            "start": {
              "line": 31,
              "column": 64
            },
            "end": {
              "line": 31,
              "column": 97
            }
          }
        ],
        "line": 31
      },
      "2": {
        "loc": {
          "start": {
            "line": 32,
            "column": 0
          },
          "end": {
            "line": 46,
            "column": 1
          }
        },
        "type": "if",
        "locations": [
          {
            "start": {
              "line": 32,
              "column": 0
            },
            "end": {
              "line": 46,
              "column": 1
            }
          },
          {
            "start": {},
            "end": {}
          }
        ],
        "line": 32
      },
      "3": {
        "loc": {
          "start": {
            "line": 32,
            "column": 4
          },
          "end": {
            "line": 32,
            "column": 35
          }
        },
        "type": "binary-expr",
        "locations": [
          {
            "start": {
              "line": 32,
              "column": 4
            },
            "end": {
              "line": 32,
              "column": 19
            }
          },
          {
            "start": {
              "line": 32,
              "column": 23
            },
            "end": {
              "line": 32,
              "column": 35
            }
          }
        ],
        "line": 32
      },
      "4": {
        "loc": {
          "start": {
            "line": 33,
            "column": 2
          },
          "end": {
            "line": 37,
            "column": 3
          }
        },
        "type": "if",
        "locations": [
          {
            "start": {
              "line": 33,
              "column": 2
            },
            "end": {
              "line": 37,
              "column": 3
            }
          },
          {
            "start": {},
            "end": {}
          }
        ],
        "line": 33
      },
      "5": {
        "loc": {
          "start": {
            "line": 41,
            "column": 6
          },
          "end": {
            "line": 41,
            "column": 31
          }
        },
        "type": "if",
        "locations": [
          {
            "start": {
              "line": 41,
              "column": 6
            },
            "end": {
              "line": 41,
              "column": 31
            }
          },
          {
            "start": {},
            "end": {}
          }
        ],
        "line": 41
      },
      "6": {
        "loc": {
          "start": {
            "line": 43,
            "column": 6
          },
          "end": {
            "line": 43,
            "column": 75
          }
        },
        "type": "if",
        "locations": [
          {
            "start": {
              "line": 43,
              "column": 6
            },
            "end": {
              "line": 43,
              "column": 75
            }
          },
          {
            "start": {},
            "end": {}
          }
        ],
        "line": 43
      }
    },
    "s": {
      "0": 2,
      "1": 4,
      "2": 4,
      "3": 4,
      "4": 4,
      "5": 8,
      "6": 8,
      "7": 8,
      "8": 8,
      "9": 8,
      "10": 8,
      "11": 4,
      "12": 4,
      "13": 4,
      "14": 4,
      "15": 3,
      "16": 4,
      "17": 2,
      "18": 1,
      "19": 2,
      "20": 2,
      "21": 2,
      "22": 2,
      "23": 2,
      "24": 0,
      "25": 2,
      "26": 2,
      "27": 2,
      "28": 0,
      "29": 0,
      "30": 0,
      "31": 0,
      "32": 0,
      "33": 2,
      "34": 2
    },
    "f": {
      "0": 4,
      "1": 4,
      "2": 8,
      "3": 3,
      "4": 1,
      "5": 2,
      "6": 0,
      "7": 2,
      "8": 2
    },
    "b": {
      "0": [8, 0],
      "1": [2, 0],
      "2": [2, 0],
      "3": [2, 2],
      "4": [0, 2],
      "5": [0, 0],
      "6": [0, 0]
    },
    "inputSourceMap": {
      "version": 3,
      "mappings": ";AAAA,SAASA,iBAAiB;AAC1B,SAASC,mBAAmB;AAErB,gBAASC,cAAc;AAAAC,KAAA;AAC5B,QAAM,EAAEC,SAAS,IAAIH,YAAY;AAEjCD,YAAU,MAAM;AACd,UAAMK,WAAWA,MAAM;AACrBC,aAAOC,SAAS,GAAG,CAAC;AACpB,YAAMC,OAAOC,SAASC,cAAc,MAAM;AAC1C,UAAIF,MAAM;AACRA,aAAKD,SAAS,EAAEI,KAAK,GAAGC,MAAM,GAAGC,UAAU,OAAO,CAAC;AAAA,MACrD;AACAJ,eAASK,gBAAgBC,YAAY;AACrCN,eAASO,KAAKD,YAAY;AAAA,IAC5B;AAEAV,aAAS;AACTY,0BAAsBZ,QAAQ;AAC9B,UAAMa,IAAIC,WAAWd,UAAU,GAAG;AAElC,WAAO,MAAMe,aAAaF,CAAC;AAAA,EAC7B,GAAG,CAACd,QAAQ,CAAC;AAEb,SAAO;AACT;AAACD,GAtBeD,aAAW;AAAA,UACJD,WAAW;AAAA;AAAAoB,KADlBnB;AAAW,IAAAmB;AAAAC,aAAAD,IAAA",
      "names": [
        "useEffect",
        "useLocation",
        "ScrollToTop",
        "_s",
        "pathname",
        "scrollUp",
        "window",
        "scrollTo",
        "main",
        "document",
        "querySelector",
        "top",
        "left",
        "behavior",
        "documentElement",
        "scrollTop",
        "body",
        "requestAnimationFrame",
        "t",
        "setTimeout",
        "clearTimeout",
        "_c",
        "$RefreshReg$"
      ],
      "ignoreList": [],
      "sources": ["/Users/tinnie/Desktop/EFFLORENSE tina/efflorense/src/shared/ui/ScrollToTop.tsx"],
      "file": "/Users/tinnie/Desktop/EFFLORENSE tina/efflorense/src/shared/ui/ScrollToTop.tsx"
    },
    "_coverageSchema": "1a1c01bbd47fc00a2c39e90264f33305004495a9",
    "hash": "e005ec6c2b38c5c6874792ad39047d3bc90724ed"
  },
  "/Users/tinnie/Desktop/EFFLORENSE tina/efflorense/src/App.tsx": {
    "path": "/Users/tinnie/Desktop/EFFLORENSE tina/efflorense/src/App.tsx",
    "statementMap": {
      "0": {
        "start": {
          "line": 2,
          "column": 9
        },
        "end": {
          "line": 2,
          "column": 23
        }
      },
      "1": {
        "start": {
          "line": 8,
          "column": 2
        },
        "end": {
          "line": 8,
          "column": 7
        }
      },
      "2": {
        "start": {
          "line": 9,
          "column": 19
        },
        "end": {
          "line": 9,
          "column": 32
        }
      },
      "3": {
        "start": {
          "line": 10,
          "column": 2
        },
        "end": {
          "line": 39,
          "column": 11
        }
      },
      "4": {
        "start": {
          "line": 41,
          "column": 0
        },
        "end": {
          "line": 43,
          "column": 3
        }
      },
      "5": {
        "start": {
          "line": 42,
          "column": 2
        },
        "end": {
          "line": 42,
          "column": 23
        }
      },
      "6": {
        "start": {
          "line": 44,
          "column": 0
        },
        "end": {
          "line": 44,
          "column": 9
        }
      },
      "7": {
        "start": {
          "line": 46,
          "column": 0
        },
        "end": {
          "line": 46,
          "column": 24
        }
      },
      "8": {
        "start": {
          "line": 48,
          "column": 20
        },
        "end": {
          "line": 48,
          "column": 97
        }
      },
      "9": {
        "start": {
          "line": 49,
          "column": 0
        },
        "end": {
          "line": 63,
          "column": 1
        }
      },
      "10": {
        "start": {
          "line": 50,
          "column": 2
        },
        "end": {
          "line": 54,
          "column": 3
        }
      },
      "11": {
        "start": {
          "line": 51,
          "column": 4
        },
        "end": {
          "line": 53,
          "column": 6
        }
      },
      "12": {
        "start": {
          "line": 55,
          "column": 2
        },
        "end": {
          "line": 62,
          "column": 5
        }
      },
      "13": {
        "start": {
          "line": 56,
          "column": 4
        },
        "end": {
          "line": 56,
          "column": 130
        }
      },
      "14": {
        "start": {
          "line": 57,
          "column": 4
        },
        "end": {
          "line": 61,
          "column": 7
        }
      },
      "15": {
        "start": {
          "line": 58,
          "column": 6
        },
        "end": {
          "line": 58,
          "column": 31
        }
      },
      "16": {
        "start": {
          "line": 58,
          "column": 24
        },
        "end": {
          "line": 58,
          "column": 31
        }
      },
      "17": {
        "start": {
          "line": 59,
          "column": 32
        },
        "end": {
          "line": 59,
          "column": 179
        }
      },
      "18": {
        "start": {
          "line": 60,
          "column": 6
        },
        "end": {
          "line": 60,
          "column": 75
        }
      },
      "19": {
        "start": {
          "line": 60,
          "column": 29
        },
        "end": {
          "line": 60,
          "column": 75
        }
      },
      "20": {
        "start": {
          "line": 65,
          "column": 2
        },
        "end": {
          "line": 65,
          "column": 109
        }
      },
      "21": {
        "start": {
          "line": 68,
          "column": 2
        },
        "end": {
          "line": 68,
          "column": 62
        }
      }
    },
    "fnMap": {
      "0": {
        "name": "App",
        "decl": {
          "start": {
            "line": 7,
            "column": 24
          },
          "end": {
            "line": 7,
            "column": 27
          }
        },
        "loc": {
          "start": {
            "line": 7,
            "column": 30
          },
          "end": {
            "line": 40,
            "column": 1
          }
        },
        "line": 7
      },
      "1": {
        "name": "(anonymous_1)",
        "decl": {
          "start": {
            "line": 41,
            "column": 47
          },
          "end": {
            "line": 41,
            "column": 48
          }
        },
        "loc": {
          "start": {
            "line": 41,
            "column": 58
          },
          "end": {
            "line": 43,
            "column": 1
          }
        },
        "line": 41
      },
      "2": {
        "name": "(anonymous_2)",
        "decl": {
          "start": {
            "line": 55,
            "column": 52
          },
          "end": {
            "line": 55,
            "column": 53
          }
        },
        "loc": {
          "start": {
            "line": 55,
            "column": 72
          },
          "end": {
            "line": 62,
            "column": 3
          }
        },
        "line": 55
      },
      "3": {
        "name": "(anonymous_3)",
        "decl": {
          "start": {
            "line": 57,
            "column": 27
          },
          "end": {
            "line": 57,
            "column": 28
          }
        },
        "loc": {
          "start": {
            "line": 57,
            "column": 44
          },
          "end": {
            "line": 61,
            "column": 5
          }
        },
        "line": 57
      },
      "4": {
        "name": "$RefreshReg$",
        "decl": {
          "start": {
            "line": 64,
            "column": 9
          },
          "end": {
            "line": 64,
            "column": 21
          }
        },
        "loc": {
          "start": {
            "line": 64,
            "column": 32
          },
          "end": {
            "line": 66,
            "column": 1
          }
        },
        "line": 64
      },
      "5": {
        "name": "$RefreshSig$",
        "decl": {
          "start": {
            "line": 67,
            "column": 9
          },
          "end": {
            "line": 67,
            "column": 21
          }
        },
        "loc": {
          "start": {
            "line": 67,
            "column": 24
          },
          "end": {
            "line": 69,
            "column": 1
          }
        },
        "line": 67
      }
    },
    "branchMap": {
      "0": {
        "loc": {
          "start": {
            "line": 48,
            "column": 20
          },
          "end": {
            "line": 48,
            "column": 97
          }
        },
        "type": "binary-expr",
        "locations": [
          {
            "start": {
              "line": 48,
              "column": 20
            },
            "end": {
              "line": 48,
              "column": 60
            }
          },
          {
            "start": {
              "line": 48,
              "column": 64
            },
            "end": {
              "line": 48,
              "column": 97
            }
          }
        ],
        "line": 48
      },
      "1": {
        "loc": {
          "start": {
            "line": 49,
            "column": 0
          },
          "end": {
            "line": 63,
            "column": 1
          }
        },
        "type": "if",
        "locations": [
          {
            "start": {
              "line": 49,
              "column": 0
            },
            "end": {
              "line": 63,
              "column": 1
            }
          },
          {
            "start": {},
            "end": {}
          }
        ],
        "line": 49
      },
      "2": {
        "loc": {
          "start": {
            "line": 49,
            "column": 4
          },
          "end": {
            "line": 49,
            "column": 35
          }
        },
        "type": "binary-expr",
        "locations": [
          {
            "start": {
              "line": 49,
              "column": 4
            },
            "end": {
              "line": 49,
              "column": 19
            }
          },
          {
            "start": {
              "line": 49,
              "column": 23
            },
            "end": {
              "line": 49,
              "column": 35
            }
          }
        ],
        "line": 49
      },
      "3": {
        "loc": {
          "start": {
            "line": 50,
            "column": 2
          },
          "end": {
            "line": 54,
            "column": 3
          }
        },
        "type": "if",
        "locations": [
          {
            "start": {
              "line": 50,
              "column": 2
            },
            "end": {
              "line": 54,
              "column": 3
            }
          },
          {
            "start": {},
            "end": {}
          }
        ],
        "line": 50
      },
      "4": {
        "loc": {
          "start": {
            "line": 58,
            "column": 6
          },
          "end": {
            "line": 58,
            "column": 31
          }
        },
        "type": "if",
        "locations": [
          {
            "start": {
              "line": 58,
              "column": 6
            },
            "end": {
              "line": 58,
              "column": 31
            }
          },
          {
            "start": {},
            "end": {}
          }
        ],
        "line": 58
      },
      "5": {
        "loc": {
          "start": {
            "line": 60,
            "column": 6
          },
          "end": {
            "line": 60,
            "column": 75
          }
        },
        "type": "if",
        "locations": [
          {
            "start": {
              "line": 60,
              "column": 6
            },
            "end": {
              "line": 60,
              "column": 75
            }
          },
          {
            "start": {},
            "end": {}
          }
        ],
        "line": 60
      }
    },
    "s": {
      "0": 2,
      "1": 2,
      "2": 2,
      "3": 2,
      "4": 2,
      "5": 1,
      "6": 2,
      "7": 2,
      "8": 2,
      "9": 2,
      "10": 2,
      "11": 0,
      "12": 2,
      "13": 2,
      "14": 2,
      "15": 0,
      "16": 0,
      "17": 0,
      "18": 0,
      "19": 0,
      "20": 2,
      "21": 2
    },
    "f": {
      "0": 2,
      "1": 1,
      "2": 2,
      "3": 0,
      "4": 2,
      "5": 2
    },
    "b": {
      "0": [2, 0],
      "1": [2, 0],
      "2": [2, 2],
      "3": [0, 2],
      "4": [0, 0],
      "5": [0, 0]
    },
    "inputSourceMap": {
      "version": 3,
      "mappings": "AAUM;;AAVN,SAASA,cAAc;AACvB,OAAOC,aAAa;AACpB,SAASC,QAAQC,mBAAmB;AACpC,SAASC,mBAAmB;AAE5B,wBAAwBC,MAAM;AAAAC,KAAA;AAC5B,QAAMC,WAAWJ,YAAY;AAE7B,SACE,uBAAC,SAAI,OAAO,EAAEK,WAAW,UAAUC,SAAS,QAAQC,kBAAkB,WAAW,GAC/E;AAAA,2BAAC,iBAAD;AAAA;AAAA;AAAA;AAAA,WAAY;AAAA,IACZ,uBAAC,UACC,iCAAC,YAAD;AAAA;AAAA;AAAA;AAAA,WAAO,KADEH,SAASI,UAApB;AAAA;AAAA;AAAA;AAAA,WAEA;AAAA,IACA,uBAAC,aAAD;AAAA;AAAA;AAAA;AAAA,WAAQ;AAAA,IACR,uBAAC,YAAD;AAAA;AAAA;AAAA;AAAA,WAAO;AAAA,OANT;AAAA;AAAA;AAAA;AAAA,SAOA;AAEJ;AAACL,GAbuBD,KAAG;AAAA,UACRF,WAAW;AAAA;AAAAS,KADNP;AAAG,IAAAO;AAAAC,aAAAD,IAAA",
      "names": [
        "Footer",
        "MenuFab",
        "Outlet",
        "useLocation",
        "ScrollToTop",
        "App",
        "_s",
        "location",
        "minHeight",
        "display",
        "gridTemplateRows",
        "pathname",
        "_c",
        "$RefreshReg$"
      ],
      "ignoreList": [],
      "sources": ["/Users/tinnie/Desktop/EFFLORENSE tina/efflorense/src/App.tsx"],
      "file": "/Users/tinnie/Desktop/EFFLORENSE tina/efflorense/src/App.tsx"
    },
    "_coverageSchema": "1a1c01bbd47fc00a2c39e90264f33305004495a9",
    "hash": "844b40100990f86250029613e6accc3668e3b43d"
  },
  "/Users/tinnie/Desktop/EFFLORENSE tina/efflorense/src/pages/home/index.tsx": {
    "path": "/Users/tinnie/Desktop/EFFLORENSE tina/efflorense/src/pages/home/index.tsx",
    "statementMap": {
      "0": {
        "start": {
          "line": 5,
          "column": 2
        },
        "end": {
          "line": 271,
          "column": 11
        }
      },
      "1": {
        "start": {
          "line": 273,
          "column": 0
        },
        "end": {
          "line": 273,
          "column": 14
        }
      },
      "2": {
        "start": {
          "line": 275,
          "column": 0
        },
        "end": {
          "line": 275,
          "column": 29
        }
      },
      "3": {
        "start": {
          "line": 277,
          "column": 20
        },
        "end": {
          "line": 277,
          "column": 97
        }
      },
      "4": {
        "start": {
          "line": 278,
          "column": 0
        },
        "end": {
          "line": 292,
          "column": 1
        }
      },
      "5": {
        "start": {
          "line": 279,
          "column": 2
        },
        "end": {
          "line": 283,
          "column": 3
        }
      },
      "6": {
        "start": {
          "line": 280,
          "column": 4
        },
        "end": {
          "line": 282,
          "column": 6
        }
      },
      "7": {
        "start": {
          "line": 284,
          "column": 2
        },
        "end": {
          "line": 291,
          "column": 5
        }
      },
      "8": {
        "start": {
          "line": 285,
          "column": 4
        },
        "end": {
          "line": 285,
          "column": 143
        }
      },
      "9": {
        "start": {
          "line": 286,
          "column": 4
        },
        "end": {
          "line": 290,
          "column": 7
        }
      },
      "10": {
        "start": {
          "line": 287,
          "column": 6
        },
        "end": {
          "line": 287,
          "column": 31
        }
      },
      "11": {
        "start": {
          "line": 287,
          "column": 24
        },
        "end": {
          "line": 287,
          "column": 31
        }
      },
      "12": {
        "start": {
          "line": 288,
          "column": 32
        },
        "end": {
          "line": 288,
          "column": 192
        }
      },
      "13": {
        "start": {
          "line": 289,
          "column": 6
        },
        "end": {
          "line": 289,
          "column": 75
        }
      },
      "14": {
        "start": {
          "line": 289,
          "column": 29
        },
        "end": {
          "line": 289,
          "column": 75
        }
      },
      "15": {
        "start": {
          "line": 294,
          "column": 2
        },
        "end": {
          "line": 294,
          "column": 122
        }
      },
      "16": {
        "start": {
          "line": 297,
          "column": 2
        },
        "end": {
          "line": 297,
          "column": 62
        }
      }
    },
    "fnMap": {
      "0": {
        "name": "HomePage",
        "decl": {
          "start": {
            "line": 4,
            "column": 24
          },
          "end": {
            "line": 4,
            "column": 32
          }
        },
        "loc": {
          "start": {
            "line": 4,
            "column": 35
          },
          "end": {
            "line": 272,
            "column": 1
          }
        },
        "line": 4
      },
      "1": {
        "name": "(anonymous_1)",
        "decl": {
          "start": {
            "line": 284,
            "column": 52
          },
          "end": {
            "line": 284,
            "column": 53
          }
        },
        "loc": {
          "start": {
            "line": 284,
            "column": 72
          },
          "end": {
            "line": 291,
            "column": 3
          }
        },
        "line": 284
      },
      "2": {
        "name": "(anonymous_2)",
        "decl": {
          "start": {
            "line": 286,
            "column": 27
          },
          "end": {
            "line": 286,
            "column": 28
          }
        },
        "loc": {
          "start": {
            "line": 286,
            "column": 44
          },
          "end": {
            "line": 290,
            "column": 5
          }
        },
        "line": 286
      },
      "3": {
        "name": "$RefreshReg$",
        "decl": {
          "start": {
            "line": 293,
            "column": 9
          },
          "end": {
            "line": 293,
            "column": 21
          }
        },
        "loc": {
          "start": {
            "line": 293,
            "column": 32
          },
          "end": {
            "line": 295,
            "column": 1
          }
        },
        "line": 293
      },
      "4": {
        "name": "$RefreshSig$",
        "decl": {
          "start": {
            "line": 296,
            "column": 9
          },
          "end": {
            "line": 296,
            "column": 21
          }
        },
        "loc": {
          "start": {
            "line": 296,
            "column": 24
          },
          "end": {
            "line": 298,
            "column": 1
          }
        },
        "line": 296
      }
    },
    "branchMap": {
      "0": {
        "loc": {
          "start": {
            "line": 277,
            "column": 20
          },
          "end": {
            "line": 277,
            "column": 97
          }
        },
        "type": "binary-expr",
        "locations": [
          {
            "start": {
              "line": 277,
              "column": 20
            },
            "end": {
              "line": 277,
              "column": 60
            }
          },
          {
            "start": {
              "line": 277,
              "column": 64
            },
            "end": {
              "line": 277,
              "column": 97
            }
          }
        ],
        "line": 277
      },
      "1": {
        "loc": {
          "start": {
            "line": 278,
            "column": 0
          },
          "end": {
            "line": 292,
            "column": 1
          }
        },
        "type": "if",
        "locations": [
          {
            "start": {
              "line": 278,
              "column": 0
            },
            "end": {
              "line": 292,
              "column": 1
            }
          },
          {
            "start": {},
            "end": {}
          }
        ],
        "line": 278
      },
      "2": {
        "loc": {
          "start": {
            "line": 278,
            "column": 4
          },
          "end": {
            "line": 278,
            "column": 35
          }
        },
        "type": "binary-expr",
        "locations": [
          {
            "start": {
              "line": 278,
              "column": 4
            },
            "end": {
              "line": 278,
              "column": 19
            }
          },
          {
            "start": {
              "line": 278,
              "column": 23
            },
            "end": {
              "line": 278,
              "column": 35
            }
          }
        ],
        "line": 278
      },
      "3": {
        "loc": {
          "start": {
            "line": 279,
            "column": 2
          },
          "end": {
            "line": 283,
            "column": 3
          }
        },
        "type": "if",
        "locations": [
          {
            "start": {
              "line": 279,
              "column": 2
            },
            "end": {
              "line": 283,
              "column": 3
            }
          },
          {
            "start": {},
            "end": {}
          }
        ],
        "line": 279
      },
      "4": {
        "loc": {
          "start": {
            "line": 287,
            "column": 6
          },
          "end": {
            "line": 287,
            "column": 31
          }
        },
        "type": "if",
        "locations": [
          {
            "start": {
              "line": 287,
              "column": 6
            },
            "end": {
              "line": 287,
              "column": 31
            }
          },
          {
            "start": {},
            "end": {}
          }
        ],
        "line": 287
      },
      "5": {
        "loc": {
          "start": {
            "line": 289,
            "column": 6
          },
          "end": {
            "line": 289,
            "column": 75
          }
        },
        "type": "if",
        "locations": [
          {
            "start": {
              "line": 289,
              "column": 6
            },
            "end": {
              "line": 289,
              "column": 75
            }
          },
          {
            "start": {},
            "end": {}
          }
        ],
        "line": 289
      }
    },
    "s": {
      "0": 0,
      "1": 2,
      "2": 2,
      "3": 2,
      "4": 2,
      "5": 2,
      "6": 0,
      "7": 2,
      "8": 2,
      "9": 2,
      "10": 0,
      "11": 0,
      "12": 0,
      "13": 0,
      "14": 0,
      "15": 2,
      "16": 0
    },
    "f": {
      "0": 0,
      "1": 2,
      "2": 0,
      "3": 2,
      "4": 0
    },
    "b": {
      "0": [2, 0],
      "1": [2, 0],
      "2": [2, 2],
      "3": [0, 2],
      "4": [0, 0],
      "5": [0, 0]
    },
    "inputSourceMap": {
      "version": 3,
      "mappings": "AAOQ;AAPR,SAASA,YAAY;AACrB,OAAOC,YAAY;AAEnB,wBAAwBC,WAAW;AACjC,SACE,uBAAC,aAAQ,WAAWD,OAAOE,MACzB;AAAA,2BAAC,YAAO,WAAWF,OAAOG,MACxB;AAAA,6BAAC,SAAI,WAAWH,OAAOI,WAAvB;AAAA;AAAA;AAAA;AAAA,aAA+B;AAAA,MAC/B,uBAAC,SAAI,WAAWJ,OAAOK,YACrB;AAAA,+BAAC,SAAI,WAAWL,OAAOM,UACrB,iCAAC,QAAG,WAAWN,OAAOO,OAAO,0BAA7B;AAAA;AAAA;AAAA;AAAA,eAAuC,KADzC;AAAA;AAAA;AAAA;AAAA,eAEA;AAAA,QACA,uBAAC,OAAE,WAAWP,OAAOQ,UAAU,+DAA/B;AAAA;AAAA;AAAA;AAAA,eAA8E;AAAA,QAC9E,uBAAC,SAAI,WAAWR,OAAOS,SACrB;AAAA,iCAAC,QAAK,IAAG,kBAAiB,WAAWT,OAAOU,KAC1C;AAAA,mCAAC,UAAK,WAAWV,OAAOW,WAAxB;AAAA;AAAA;AAAA;AAAA,mBAAgC;AAAA,YAChC,uBAAC,UAAK,WAAWX,OAAOY,UAAU,4BAAlC;AAAA;AAAA;AAAA;AAAA,mBAA8C;AAAA,eAFhD;AAAA;AAAA;AAAA;AAAA,iBAGA;AAAA,UACA,uBAAC,QAAK,IAAG,eAAc,WAAWZ,OAAOU,KACvC;AAAA,mCAAC,UAAK,WAAWV,OAAOW,WAAxB;AAAA;AAAA;AAAA;AAAA,mBAAgC;AAAA,YAChC,uBAAC,UAAK,WAAWX,OAAOY,UAAU,sBAAlC;AAAA;AAAA;AAAA;AAAA,mBAAwC;AAAA,eAF1C;AAAA;AAAA;AAAA;AAAA,iBAGA;AAAA,aARF;AAAA;AAAA;AAAA;AAAA,eASA;AAAA,QACA,uBAAC,SAAI,WAAWZ,OAAOa,UAAU,iDAAjC;AAAA;AAAA;AAAA;AAAA,eAAkE;AAAA,WAfpE;AAAA;AAAA;AAAA;AAAA,aAgBA;AAAA,SAlBF;AAAA;AAAA;AAAA;AAAA,WAmBA;AAAA,IAEA,uBAAC,aAAQ,WAAWb,OAAOc,OACzB;AAAA,6BAAC,QAAG,WAAWd,OAAOe,cAAc,wBAApC;AAAA;AAAA;AAAA;AAAA,aAA4C;AAAA,MAE5C,uBAAC,SAAI,WAAWf,OAAOgB,UACrB;AAAA,+BAAC,SAAI,WAAWhB,OAAOiB,cACrB;AAAA,iCAAC,SAAI,WAAWjB,OAAOkB,WAAW,0BAAlC;AAAA;AAAA;AAAA;AAAA,iBAA4C;AAAA,UAC5C,uBAAC,OAAE,WAAWlB,OAAOmB,WAAU,wHAA/B;AAAA;AAAA;AAAA;AAAA,iBAGA;AAAA,aALF;AAAA;AAAA;AAAA;AAAA,eAMA;AAAA,QACA,uBAAC,SAAI,WAAWnB,OAAOoB,cAAvB;AAAA;AAAA;AAAA;AAAA,eAAkC;AAAA,WARpC;AAAA;AAAA;AAAA;AAAA,aASA;AAAA,MAEA,uBAAC,SAAI,WAAWpB,OAAOgB,UACrB;AAAA,+BAAC,SAAI,WAAWhB,OAAOqB,eAAvB;AAAA;AAAA;AAAA;AAAA,eAAmC;AAAA,QACnC,uBAAC,SAAI,WAAWrB,OAAOsB,UACrB;AAAA,iCAAC,OAAE,WAAWtB,OAAOuB,gBAAe,2LAApC;AAAA;AAAA;AAAA;AAAA,iBAIA;AAAA,UACA,uBAAC,SAAI,WAAWvB,OAAOwB,YAAY,yCAAnC;AAAA;AAAA;AAAA;AAAA,iBAA4D;AAAA,aAN9D;AAAA;AAAA;AAAA;AAAA,eAOA;AAAA,WATF;AAAA;AAAA;AAAA;AAAA,aAUA;AAAA,MAEA,uBAAC,SAAI,WAAWxB,OAAOgB,UACrB;AAAA,+BAAC,SAAI,WAAWhB,OAAOsB,UACrB;AAAA,iCAAC,SAAI,WAAWtB,OAAOkB,WAAW,0BAAlC;AAAA;AAAA;AAAA;AAAA,iBAA4C;AAAA,UAC5C,uBAAC,OAAE,WAAWlB,OAAOyB,gBAAe;AAAA;AAAA,YAElC,uBAAC,UAAD;AAAA;AAAA;AAAA;AAAA,mBAAG;AAAA;AAAA,YAEH,uBAAC,UAAD;AAAA;AAAA;AAAA;AAAA,mBAAG;AAAA;AAAA,eAJL;AAAA;AAAA;AAAA;AAAA,iBAMA;AAAA,aARF;AAAA;AAAA;AAAA;AAAA,eASA;AAAA,QACA,uBAAC,SAAI,WAAWzB,OAAO0B,eAAvB;AAAA;AAAA;AAAA;AAAA,eAAmC;AAAA,WAXrC;AAAA;AAAA;AAAA;AAAA,aAYA;AAAA,SAtCF;AAAA;AAAA;AAAA;AAAA,WAuCA;AAAA,IAEA,uBAAC,aAAQ,WAAW1B,OAAO2B,SACzB;AAAA,6BAAC,QAAG,WAAW3B,OAAOe,cAAc,2BAApC;AAAA;AAAA;AAAA;AAAA,aAA+C;AAAA,MAE/C,uBAAC,SAAI,WAAWf,OAAO4B,YACrB;AAAA,+BAAC,SAAI,WAAW5B,OAAO6B,gBAAvB;AAAA;AAAA;AAAA;AAAA,eAAoC;AAAA,QACpC,uBAAC,SAAI,WAAW7B,OAAO8B,cACrB;AAAA,iCAAC,SAAI,WAAW9B,OAAO+B,aAAa,4BAApC;AAAA;AAAA;AAAA;AAAA,iBAAgD;AAAA,UAChD,uBAAC,SAAI,WAAW/B,OAAOgC,aACrB;AAAA,mCAAC,OAAE,WAAWhC,OAAOiC,aAAY;AAAA;AAAA,cACvB,uBAAC,YAAO,0CAAR;AAAA;AAAA;AAAA;AAAA,qBAAkC;AAAA,cAAS;AAAA,cAGhC,uBAAC,YAAO,0BAAR;AAAA;AAAA;AAAA;AAAA,qBAAkB;AAAA,iBAJvC;AAAA;AAAA;AAAA;AAAA,mBAKA;AAAA,YACA,uBAAC,OAAE,WAAWjC,OAAOiC,aACnB;AAAA,qCAAC,YAAO,yCAAR;AAAA;AAAA;AAAA;AAAA,qBAAiC;AAAA,cAAS;AAAA,cACgC;AAAA,cAC1E,uBAAC,YAAO,uBAAR;AAAA;AAAA;AAAA;AAAA,qBAAe;AAAA,cAAS;AAAA,iBAH1B;AAAA;AAAA;AAAA;AAAA,mBAIA;AAAA,YACA,uBAAC,OAAE,WAAWjC,OAAOiC,aAAY,+IAAjC;AAAA;AAAA;AAAA;AAAA,mBAGA;AAAA,eAfF;AAAA;AAAA;AAAA;AAAA,iBAgBA;AAAA,aAlBF;AAAA;AAAA;AAAA;AAAA,eAmBA;AAAA,WArBF;AAAA;AAAA;AAAA;AAAA,aAsBA;AAAA,SAzBF;AAAA;AAAA;AAAA;AAAA,WA0BA;AAAA,OAzFF;AAAA;AAAA;AAAA;AAAA,SA0FA;AAEJ;AAACC,KA9FuBjC;AAAQ,IAAAiC;AAAAC,aAAAD,IAAA",
      "names": [
        "Link",
        "styles",
        "HomePage",
        "page",
        "hero",
        "overlay",
        "heroCenter",
        "brandBox",
        "brand",
        "subtitle",
        "actions",
        "cta",
        "ctaOval",
        "ctaLabel",
        "location",
        "about",
        "sectionTitle",
        "aboutRow",
        "aboutTextBox",
        "aboutWord",
        "aboutText",
        "aboutImage",
        "aboutPhotoL",
        "aboutCol",
        "aboutParagraph",
        "aboutQuote",
        "aboutTextSmall",
        "aboutPhotoR",
        "creator",
        "creatorRow",
        "creatorPhoto",
        "creatorRight",
        "creatorName",
        "creatorCard",
        "creatorText",
        "_c",
        "$RefreshReg$"
      ],
      "ignoreList": [],
      "sources": ["/Users/tinnie/Desktop/EFFLORENSE tina/efflorense/src/pages/home/index.tsx"],
      "file": "/Users/tinnie/Desktop/EFFLORENSE tina/efflorense/src/pages/home/index.tsx"
    },
    "_coverageSchema": "1a1c01bbd47fc00a2c39e90264f33305004495a9",
    "hash": "89977a2406d37cd2dbed49bf1a022cb29c98535e"
  },
  "/Users/tinnie/Desktop/EFFLORENSE tina/efflorense/src/pages/home/after/index.tsx": {
    "path": "/Users/tinnie/Desktop/EFFLORENSE tina/efflorense/src/pages/home/after/index.tsx",
    "statementMap": {
      "0": {
        "start": {
          "line": 5,
          "column": 2
        },
        "end": {
          "line": 93,
          "column": 11
        }
      },
      "1": {
        "start": {
          "line": 95,
          "column": 0
        },
        "end": {
          "line": 95,
          "column": 19
        }
      },
      "2": {
        "start": {
          "line": 97,
          "column": 0
        },
        "end": {
          "line": 97,
          "column": 34
        }
      },
      "3": {
        "start": {
          "line": 99,
          "column": 20
        },
        "end": {
          "line": 99,
          "column": 97
        }
      },
      "4": {
        "start": {
          "line": 100,
          "column": 0
        },
        "end": {
          "line": 114,
          "column": 1
        }
      },
      "5": {
        "start": {
          "line": 101,
          "column": 2
        },
        "end": {
          "line": 105,
          "column": 3
        }
      },
      "6": {
        "start": {
          "line": 102,
          "column": 4
        },
        "end": {
          "line": 104,
          "column": 6
        }
      },
      "7": {
        "start": {
          "line": 106,
          "column": 2
        },
        "end": {
          "line": 113,
          "column": 5
        }
      },
      "8": {
        "start": {
          "line": 107,
          "column": 4
        },
        "end": {
          "line": 107,
          "column": 149
        }
      },
      "9": {
        "start": {
          "line": 108,
          "column": 4
        },
        "end": {
          "line": 112,
          "column": 7
        }
      },
      "10": {
        "start": {
          "line": 109,
          "column": 6
        },
        "end": {
          "line": 109,
          "column": 31
        }
      },
      "11": {
        "start": {
          "line": 109,
          "column": 24
        },
        "end": {
          "line": 109,
          "column": 31
        }
      },
      "12": {
        "start": {
          "line": 110,
          "column": 32
        },
        "end": {
          "line": 110,
          "column": 198
        }
      },
      "13": {
        "start": {
          "line": 111,
          "column": 6
        },
        "end": {
          "line": 111,
          "column": 75
        }
      },
      "14": {
        "start": {
          "line": 111,
          "column": 29
        },
        "end": {
          "line": 111,
          "column": 75
        }
      },
      "15": {
        "start": {
          "line": 116,
          "column": 2
        },
        "end": {
          "line": 116,
          "column": 128
        }
      },
      "16": {
        "start": {
          "line": 119,
          "column": 2
        },
        "end": {
          "line": 119,
          "column": 62
        }
      }
    },
    "fnMap": {
      "0": {
        "name": "HomeAfterPage",
        "decl": {
          "start": {
            "line": 4,
            "column": 24
          },
          "end": {
            "line": 4,
            "column": 37
          }
        },
        "loc": {
          "start": {
            "line": 4,
            "column": 40
          },
          "end": {
            "line": 94,
            "column": 1
          }
        },
        "line": 4
      },
      "1": {
        "name": "(anonymous_1)",
        "decl": {
          "start": {
            "line": 106,
            "column": 52
          },
          "end": {
            "line": 106,
            "column": 53
          }
        },
        "loc": {
          "start": {
            "line": 106,
            "column": 72
          },
          "end": {
            "line": 113,
            "column": 3
          }
        },
        "line": 106
      },
      "2": {
        "name": "(anonymous_2)",
        "decl": {
          "start": {
            "line": 108,
            "column": 27
          },
          "end": {
            "line": 108,
            "column": 28
          }
        },
        "loc": {
          "start": {
            "line": 108,
            "column": 44
          },
          "end": {
            "line": 112,
            "column": 5
          }
        },
        "line": 108
      },
      "3": {
        "name": "$RefreshReg$",
        "decl": {
          "start": {
            "line": 115,
            "column": 9
          },
          "end": {
            "line": 115,
            "column": 21
          }
        },
        "loc": {
          "start": {
            "line": 115,
            "column": 32
          },
          "end": {
            "line": 117,
            "column": 1
          }
        },
        "line": 115
      },
      "4": {
        "name": "$RefreshSig$",
        "decl": {
          "start": {
            "line": 118,
            "column": 9
          },
          "end": {
            "line": 118,
            "column": 21
          }
        },
        "loc": {
          "start": {
            "line": 118,
            "column": 24
          },
          "end": {
            "line": 120,
            "column": 1
          }
        },
        "line": 118
      }
    },
    "branchMap": {
      "0": {
        "loc": {
          "start": {
            "line": 99,
            "column": 20
          },
          "end": {
            "line": 99,
            "column": 97
          }
        },
        "type": "binary-expr",
        "locations": [
          {
            "start": {
              "line": 99,
              "column": 20
            },
            "end": {
              "line": 99,
              "column": 60
            }
          },
          {
            "start": {
              "line": 99,
              "column": 64
            },
            "end": {
              "line": 99,
              "column": 97
            }
          }
        ],
        "line": 99
      },
      "1": {
        "loc": {
          "start": {
            "line": 100,
            "column": 0
          },
          "end": {
            "line": 114,
            "column": 1
          }
        },
        "type": "if",
        "locations": [
          {
            "start": {
              "line": 100,
              "column": 0
            },
            "end": {
              "line": 114,
              "column": 1
            }
          },
          {
            "start": {},
            "end": {}
          }
        ],
        "line": 100
      },
      "2": {
        "loc": {
          "start": {
            "line": 100,
            "column": 4
          },
          "end": {
            "line": 100,
            "column": 35
          }
        },
        "type": "binary-expr",
        "locations": [
          {
            "start": {
              "line": 100,
              "column": 4
            },
            "end": {
              "line": 100,
              "column": 19
            }
          },
          {
            "start": {
              "line": 100,
              "column": 23
            },
            "end": {
              "line": 100,
              "column": 35
            }
          }
        ],
        "line": 100
      },
      "3": {
        "loc": {
          "start": {
            "line": 101,
            "column": 2
          },
          "end": {
            "line": 105,
            "column": 3
          }
        },
        "type": "if",
        "locations": [
          {
            "start": {
              "line": 101,
              "column": 2
            },
            "end": {
              "line": 105,
              "column": 3
            }
          },
          {
            "start": {},
            "end": {}
          }
        ],
        "line": 101
      },
      "4": {
        "loc": {
          "start": {
            "line": 109,
            "column": 6
          },
          "end": {
            "line": 109,
            "column": 31
          }
        },
        "type": "if",
        "locations": [
          {
            "start": {
              "line": 109,
              "column": 6
            },
            "end": {
              "line": 109,
              "column": 31
            }
          },
          {
            "start": {},
            "end": {}
          }
        ],
        "line": 109
      },
      "5": {
        "loc": {
          "start": {
            "line": 111,
            "column": 6
          },
          "end": {
            "line": 111,
            "column": 75
          }
        },
        "type": "if",
        "locations": [
          {
            "start": {
              "line": 111,
              "column": 6
            },
            "end": {
              "line": 111,
              "column": 75
            }
          },
          {
            "start": {},
            "end": {}
          }
        ],
        "line": 111
      }
    },
    "s": {
      "0": 0,
      "1": 2,
      "2": 2,
      "3": 2,
      "4": 2,
      "5": 2,
      "6": 0,
      "7": 2,
      "8": 2,
      "9": 2,
      "10": 0,
      "11": 0,
      "12": 0,
      "13": 0,
      "14": 0,
      "15": 2,
      "16": 0
    },
    "f": {
      "0": 0,
      "1": 2,
      "2": 0,
      "3": 2,
      "4": 0
    },
    "b": {
      "0": [2, 0],
      "1": [2, 0],
      "2": [2, 2],
      "3": [0, 2],
      "4": [0, 0],
      "5": [0, 0]
    },
    "inputSourceMap": {
      "version": 3,
      "mappings": "AAMM;AANN,SAASA,YAAY;AACrB,OAAOC,YAAY;AAEnB,wBAAwBC,gBAAgB;AACtC,SACE,uBAAC,aAAQ,WAAWD,OAAOE,MACzB;AAAA,2BAAC,SAAI,WAAWF,OAAOG,WAAvB;AAAA;AAAA;AAAA;AAAA,WAA+B;AAAA,IAE/B,uBAAC,QAAK,IAAG,KAAI,WAAWH,OAAOI,OAAM,iBAArC;AAAA;AAAA;AAAA;AAAA,WAEA;AAAA,IAEA,uBAAC,SAAI,WAAWJ,OAAOK,QACrB;AAAA,6BAAC,SAAI,WAAWL,OAAOM,UACrB,iCAAC,QAAG,WAAWN,OAAOO,OAAO,0BAA7B;AAAA;AAAA;AAAA;AAAA,aAAuC,KADzC;AAAA;AAAA;AAAA;AAAA,aAEA;AAAA,MAEA,uBAAC,OAAE,WAAWP,OAAOQ,UAAU,+DAA/B;AAAA;AAAA;AAAA;AAAA,aAA8E;AAAA,MAE9E,uBAAC,SAAI,WAAWR,OAAOS,SACrB;AAAA,+BAAC,QAAK,IAAG,YAAW,WAAWT,OAAOU,KACpC;AAAA,iCAAC,UAAK,WAAWV,OAAOW,WAAxB;AAAA;AAAA;AAAA;AAAA,iBAAgC;AAAA,UAChC,uBAAC,UAAK,WAAWX,OAAOY,UAAU,8BAAlC;AAAA;AAAA;AAAA;AAAA,iBAAgD;AAAA,aAFlD;AAAA;AAAA;AAAA;AAAA,eAGA;AAAA,QACA,uBAAC,QAAK,IAAG,SAAQ,WAAWZ,OAAOU,KACjC;AAAA,iCAAC,UAAK,WAAWV,OAAOW,WAAxB;AAAA;AAAA;AAAA;AAAA,iBAAgC;AAAA,UAChC,uBAAC,UAAK,WAAWX,OAAOY,UAAU,gCAAlC;AAAA;AAAA;AAAA;AAAA,iBAAkD;AAAA,aAFpD;AAAA;AAAA;AAAA;AAAA,eAGA;AAAA,WARF;AAAA;AAAA;AAAA;AAAA,aASA;AAAA,MAEA,uBAAC,SAAI,WAAWZ,OAAOa,YAAY,sBAAnC;AAAA;AAAA;AAAA;AAAA,aAAyC;AAAA,MACzC,uBAAC,SAAI,WAAWb,OAAOc,QAAQ,0BAA/B;AAAA;AAAA;AAAA;AAAA,aAAyC;AAAA,MACzC,uBAAC,SAAI,WAAWd,OAAOe,UAAU,iDAAjC;AAAA;AAAA;AAAA;AAAA,aAAkE;AAAA,SApBpE;AAAA;AAAA;AAAA;AAAA,WAqBA;AAAA,OA5BF;AAAA;AAAA;AAAA;AAAA,SA6BA;AAEJ;AAACC,KAjCuBf;AAAa,IAAAe;AAAAC,aAAAD,IAAA",
      "names": [
        "Link",
        "styles",
        "HomeAfterPage",
        "page",
        "overlay",
        "badge",
        "center",
        "brandBox",
        "brand",
        "subtitle",
        "actions",
        "cta",
        "ctaOval",
        "ctaLabel",
        "inlineNote",
        "orShop",
        "location",
        "_c",
        "$RefreshReg$"
      ],
      "ignoreList": [],
      "sources": [
        "/Users/tinnie/Desktop/EFFLORENSE tina/efflorense/src/pages/home/after/index.tsx"
      ],
      "file": "/Users/tinnie/Desktop/EFFLORENSE tina/efflorense/src/pages/home/after/index.tsx"
    },
    "_coverageSchema": "1a1c01bbd47fc00a2c39e90264f33305004495a9",
    "hash": "367d758b52f58f62f551b25333c8076a5380cc1c"
  },
  "/Users/tinnie/Desktop/EFFLORENSE tina/efflorense/src/shared/hooks/useFetchFlowers.ts": {
    "path": "/Users/tinnie/Desktop/EFFLORENSE tina/efflorense/src/shared/hooks/useFetchFlowers.ts",
    "statementMap": {
      "0": {
        "start": {
          "line": 3,
          "column": 32
        },
        "end": {
          "line": 3,
[...]
        "children",
        "_s",
        "isAuth",
        "loading",
        "_c",
        "$RefreshReg$"
      ],
      "ignoreList": [],
      "sources": [
        "/Users/tinnie/Desktop/EFFLORENSE tina/efflorense/src/shared/ui/ProtectedRoute.tsx"
      ],
      "file": "/Users/tinnie/Desktop/EFFLORENSE tina/efflorense/src/shared/ui/ProtectedRoute.tsx"
    },
    "_coverageSchema": "1a1c01bbd47fc00a2c39e90264f33305004495a9",
    "hash": "1790b100d6c9bd8386fa0e9d404344640d746a42"
  },
  "/Users/tinnie/Desktop/EFFLORENSE tina/efflorense/src/shared/ui/PublicRoute.tsx": {
    "path": "/Users/tinnie/Desktop/EFFLORENSE tina/efflorense/src/shared/ui/PublicRoute.tsx",
    "statementMap": {
      "0": {
        "start": {
          "line": 2,
          "column": 9
        },
        "end": {
          "line": 2,
          "column": 23
        }
      },
      "1": {
        "start": {
          "line": 6,
          "column": 2
        },
        "end": {
          "line": 6,
          "column": 7
        }
      },
      "2": {
        "start": {
          "line": 7,
          "column": 30
        },
        "end": {
          "line": 7,
          "column": 39
        }
      },
      "3": {
        "start": {
          "line": 8,
          "column": 2
        },
        "end": {
          "line": 10,
          "column": 3
        }
      },
      "4": {
        "start": {
          "line": 9,
          "column": 4
        },
        "end": {
          "line": 9,
          "column": 16
        }
      },
      "5": {
        "start": {
          "line": 11,
          "column": 2
        },
        "end": {
          "line": 17,
          "column": 3
        }
      },
      "6": {
        "start": {
          "line": 12,
          "column": 4
        },
        "end": {
          "line": 16,
          "column": 13
        }
      },
      "7": {
        "start": {
          "line": 18,
          "column": 2
        },
        "end": {
          "line": 22,
          "column": 11
        }
      },
      "8": {
        "start": {
          "line": 24,
          "column": 0
        },
        "end": {
          "line": 26,
          "column": 3
        }
      },
      "9": {
        "start": {
          "line": 25,
          "column": 2
        },
        "end": {
          "line": 25,
          "column": 19
        }
      },
      "10": {
        "start": {
          "line": 27,
          "column": 0
        },
        "end": {
          "line": 27,
          "column": 17
        }
      },
      "11": {
        "start": {
          "line": 29,
          "column": 0
        },
        "end": {
          "line": 29,
          "column": 32
        }
      },
      "12": {
        "start": {
          "line": 31,
          "column": 20
        },
        "end": {
          "line": 31,
          "column": 97
        }
      },
      "13": {
        "start": {
          "line": 32,
          "column": 0
        },
        "end": {
          "line": 46,
          "column": 1
        }
      },
      "14": {
        "start": {
          "line": 33,
          "column": 2
        },
        "end": {
          "line": 37,
          "column": 3
        }
      },
      "15": {
        "start": {
          "line": 34,
          "column": 4
        },
        "end": {
          "line": 36,
          "column": 6
        }
      },
      "16": {
        "start": {
          "line": 38,
          "column": 2
        },
        "end": {
          "line": 45,
          "column": 5
        }
      },
      "17": {
        "start": {
          "line": 39,
          "column": 4
        },
        "end": {
          "line": 39,
          "column": 148
        }
      },
      "18": {
        "start": {
          "line": 40,
          "column": 4
        },
        "end": {
          "line": 44,
          "column": 7
        }
      },
      "19": {
        "start": {
          "line": 41,
          "column": 6
        },
        "end": {
          "line": 41,
          "column": 31
        }
      },
      "20": {
        "start": {
          "line": 41,
          "column": 24
        },
        "end": {
          "line": 41,
          "column": 31
        }
      },
      "21": {
        "start": {
          "line": 42,
          "column": 32
        },
        "end": {
          "line": 42,
          "column": 197
        }
      },
      "22": {
        "start": {
          "line": 43,
          "column": 6
        },
        "end": {
          "line": 43,
          "column": 75
        }
      },
      "23": {
        "start": {
          "line": 43,
          "column": 29
        },
        "end": {
          "line": 43,
          "column": 75
        }
      },
      "24": {
        "start": {
          "line": 48,
          "column": 2
        },
        "end": {
          "line": 48,
          "column": 127
        }
      },
      "25": {
        "start": {
          "line": 51,
          "column": 2
        },
        "end": {
          "line": 51,
          "column": 62
        }
      }
    },
    "fnMap": {
      "0": {
        "name": "PublicRoute",
        "decl": {
          "start": {
            "line": 5,
            "column": 16
          },
          "end": {
            "line": 5,
            "column": 27
          }
        },
        "loc": {
          "start": {
            "line": 5,
            "column": 42
          },
          "end": {
            "line": 23,
            "column": 1
          }
        },
        "line": 5
      },
      "1": {
        "name": "(anonymous_1)",
        "decl": {
          "start": {
            "line": 24,
            "column": 55
          },
          "end": {
            "line": 24,
            "column": 56
          }
        },
        "loc": {
          "start": {
            "line": 24,
            "column": 66
          },
          "end": {
            "line": 26,
            "column": 1
          }
        },
        "line": 24
      },
      "2": {
        "name": "(anonymous_2)",
        "decl": {
          "start": {
            "line": 38,
            "column": 52
          },
          "end": {
            "line": 38,
            "column": 53
          }
        },
        "loc": {
          "start": {
            "line": 38,
            "column": 72
          },
          "end": {
            "line": 45,
            "column": 3
          }
        },
        "line": 38
      },
      "3": {
        "name": "(anonymous_3)",
        "decl": {
          "start": {
            "line": 40,
            "column": 27
          },
          "end": {
            "line": 40,
            "column": 28
          }
        },
        "loc": {
          "start": {
            "line": 40,
            "column": 44
          },
          "end": {
            "line": 44,
            "column": 5
          }
        },
        "line": 40
      },
      "4": {
        "name": "$RefreshReg$",
        "decl": {
          "start": {
            "line": 47,
            "column": 9
          },
          "end": {
            "line": 47,
            "column": 21
          }
        },
        "loc": {
          "start": {
            "line": 47,
            "column": 32
          },
          "end": {
            "line": 49,
            "column": 1
          }
        },
        "line": 47
      },
      "5": {
        "name": "$RefreshSig$",
        "decl": {
          "start": {
            "line": 50,
            "column": 9
          },
          "end": {
            "line": 50,
            "column": 21
          }
        },
        "loc": {
          "start": {
            "line": 50,
            "column": 24
          },
          "end": {
            "line": 52,
            "column": 1
          }
        },
        "line": 50
      }
    },
    "branchMap": {
      "0": {
        "loc": {
          "start": {
            "line": 8,
            "column": 2
          },
          "end": {
            "line": 10,
            "column": 3
          }
        },
        "type": "if",
        "locations": [
          {
            "start": {
              "line": 8,
              "column": 2
            },
            "end": {
              "line": 10,
              "column": 3
            }
          },
          {
            "start": {},
            "end": {}
          }
        ],
        "line": 8
      },
      "1": {
        "loc": {
          "start": {
            "line": 11,
            "column": 2
          },
          "end": {
            "line": 17,
            "column": 3
          }
        },
        "type": "if",
        "locations": [
          {
            "start": {
              "line": 11,
              "column": 2
            },
            "end": {
              "line": 17,
              "column": 3
            }
          },
          {
            "start": {},
            "end": {}
          }
        ],
        "line": 11
      },
      "2": {
        "loc": {
          "start": {
            "line": 18,
            "column": 9
          },
          "end": {
            "line": 22,
            "column": 10
          }
        },
        "type": "binary-expr",
        "locations": [
          {
            "start": {
              "line": 18,
              "column": 9
            },
            "end": {
              "line": 18,
              "column": 17
            }
          },
          {
            "start": {
              "line": 18,
              "column": 37
            },
            "end": {
              "line": 22,
              "column": 10
            }
          }
        ],
        "line": 18
      },
      "3": {
        "loc": {
          "start": {
            "line": 31,
            "column": 20
          },
          "end": {
            "line": 31,
            "column": 97
          }
        },
        "type": "binary-expr",
        "locations": [
          {
            "start": {
              "line": 31,
              "column": 20
            },
            "end": {
              "line": 31,
              "column": 60
            }
          },
          {
            "start": {
              "line": 31,
              "column": 64
            },
            "end": {
              "line": 31,
              "column": 97
            }
          }
        ],
        "line": 31
      },
      "4": {
        "loc": {
          "start": {
            "line": 32,
            "column": 0
          },
          "end": {
            "line": 46,
            "column": 1
          }
        },
        "type": "if",
        "locations": [
          {
            "start": {
              "line": 32,
              "column": 0
            },
            "end": {
              "line": 46,
              "column": 1
            }
          },
          {
            "start": {},
            "end": {}
          }
        ],
        "line": 32
      },
      "5": {
        "loc": {
          "start": {
            "line": 32,
            "column": 4
          },
          "end": {
            "line": 32,
            "column": 35
          }
        },
        "type": "binary-expr",
        "locations": [
          {
            "start": {
              "line": 32,
              "column": 4
            },
            "end": {
              "line": 32,
              "column": 19
            }
          },
          {
            "start": {
              "line": 32,
              "column": 23
            },
            "end": {
              "line": 32,
              "column": 35
            }
          }
        ],
        "line": 32
      },
      "6": {
        "loc": {
          "start": {
            "line": 33,
            "column": 2
          },
          "end": {
            "line": 37,
            "column": 3
          }
        },
        "type": "if",
        "locations": [
          {
            "start": {
              "line": 33,
              "column": 2
            },
            "end": {
              "line": 37,
              "column": 3
            }
          },
          {
            "start": {},
            "end": {}
          }
        ],
        "line": 33
      },
      "7": {
        "loc": {
          "start": {
            "line": 41,
            "column": 6
          },
          "end": {
            "line": 41,
            "column": 31
          }
        },
        "type": "if",
        "locations": [
          {
            "start": {
              "line": 41,
              "column": 6
            },
            "end": {
              "line": 41,
              "column": 31
            }
          },
          {
            "start": {},
            "end": {}
          }
        ],
        "line": 41
      },
      "8": {
        "loc": {
          "start": {
            "line": 43,
            "column": 6
          },
          "end": {
            "line": 43,
            "column": 75
          }
        },
        "type": "if",
        "locations": [
          {
            "start": {
              "line": 43,
              "column": 6
            },
            "end": {
              "line": 43,
              "column": 75
            }
          },
          {
            "start": {},
            "end": {}
          }
        ],
        "line": 43
      }
    },
    "s": {
      "0": 2,
      "1": 2,
      "2": 2,
      "3": 2,
      "4": 0,
      "5": 2,
      "6": 0,
      "7": 2,
      "8": 2,
      "9": 1,
      "10": 2,
      "11": 2,
      "12": 2,
      "13": 2,
      "14": 2,
      "15": 0,
      "16": 2,
      "17": 2,
      "18": 2,
      "19": 0,
      "20": 0,
      "21": 0,
      "22": 0,
      "23": 0,
      "24": 2,
      "25": 2
    },
    "f": {
      "0": 2,
      "1": 1,
      "2": 2,
      "3": 0,
      "4": 2,
      "5": 2
    },
    "b": {
      "0": [0, 2],
      "1": [0, 2],
      "2": [2, 0],
      "3": [2, 0],
      "4": [2, 0],
      "5": [2, 2],
      "6": [0, 2],
      "7": [0, 0],
      "8": [0, 0]
    },
    "inputSourceMap": {
      "version": 3,
      "mappings": "AAeW;;AAfX,SAASA,UAAUC,cAAc;AACjC,SAASC,eAAe;AAMjB,gBAASC,YAAY,EAAEC,SAAgB,GAAG;AAAAC,KAAA;AAC/C,QAAM,EAAEC,QAAQC,QAAQ,IAAIL,QAAQ;AAEpC,MAAIK,SAAS;AACX,WAAO;AAAA,EACT;AAEA,MAAID,QAAQ;AACV,WAAO,uBAAC,YAAS,IAAG,eAAc,SAAO,QAAlC;AAAA;AAAA;AAAA;AAAA,WAAkC;AAAA,EAC3C;AAEA,SAAOF,YAAY,uBAAC,YAAD;AAAA;AAAA;AAAA;AAAA,SAAO;AAC5B;AAACC,GAZeF,aAAW;AAAA,UACGD,OAAO;AAAA;AAAAM,KADrBL;AAAW,IAAAK;AAAAC,aAAAD,IAAA",
      "names": [
        "Navigate",
        "Outlet",
        "useAuth",
        "PublicRoute",
        "children",
        "_s",
        "isAuth",
        "loading",
        "_c",
        "$RefreshReg$"
      ],
      "ignoreList": [],
      "sources": ["/Users/tinnie/Desktop/EFFLORENSE tina/efflorense/src/shared/ui/PublicRoute.tsx"],
      "file": "/Users/tinnie/Desktop/EFFLORENSE tina/efflorense/src/shared/ui/PublicRoute.tsx"
    },
    "_coverageSchema": "1a1c01bbd47fc00a2c39e90264f33305004495a9",
    "hash": "c53635986d99a4b1745f18d7b24c136caacb8daa"
  },
  "/Users/tinnie/Desktop/EFFLORENSE tina/efflorense/src/app/router.tsx": {
    "path": "/Users/tinnie/Desktop/EFFLORENSE tina/efflorense/src/app/router.tsx",
    "statementMap": {
      "0": {
        "start": {
          "line": 19,
          "column": 22
        },
        "end": {
          "line": 187,
          "column": 1
        }
      }
    },
    "fnMap": {},
    "branchMap": {},
    "s": {
      "0": 2
    },
    "f": {},
    "b": {},
    "inputSourceMap": {
      "version": 3,
      "mappings": "AAwBQ;AAxBR,SAASA,qBAAqBC,gBAAgB;AAE9C,OAAOC,SAAS;AAChB,OAAOC,cAAc;AACrB,OAAOC,mBAAmB;AAC1B,OAAOC,iBAAiB;AACxB,OAAOC,cAAc;AACrB,OAAOC,gBAAgB;AACvB,OAAOC,cAAc;AACrB,OAAOC,cAAc;AACrB,OAAOC,eAAe;AACtB,OAAOC,kBAAkB;AACzB,OAAOC,iBAAiB;AACxB,OAAOC,kBAAkB;AACzB,OAAOC,iBAAiB;AACxB,OAAOC,iBAAiB;AACxB,SAASC,sBAAsB;AAC/B,SAASC,mBAAmB;AAErB,aAAMC,SAASlB;AAAAA,EAAoB;AAAA,IACxC;AAAA,MACEmB,MAAM;AAAA,MACNC,SACE,uBAAC,eACC,iCAAC,cAAD;AAAA;AAAA;AAAA;AAAA,aAAS,KADX;AAAA;AAAA;AAAA;AAAA,aAEA;AAAA,IAEJ;AAAA,IAEA;AAAA,MACED,MAAM;AAAA,MACNC,SAAS,uBAAC,iBAAD;AAAA;AAAA;AAAA;AAAA,aAAY;AAAA,MACrBC,UAAU;AAAA,QACR,EAAEC,OAAO,MAAMF,SAAS,uBAAC,YAAS,IAAG,eAAc,SAAO,QAAlC;AAAA;AAAA;AAAA;AAAA,eAAkC,EAAI;AAAA,QAC9D;AAAA,UACED,MAAM;AAAA,UACNC,SACE,uBAAC,eACC,iCAAC,eAAD;AAAA;AAAA;AAAA;AAAA,iBAAU,KADZ;AAAA;AAAA;AAAA;AAAA,iBAEA;AAAA,QAEJ;AAAA,QACA;AAAA,UACED,MAAM;AAAA,UACNC,SACE,uBAAC,eACC,iCAAC,kBAAD;AAAA;AAAA;AAAA;AAAA,iBAAa,KADf;AAAA;AAAA;AAAA;AAAA,iBAEA;AAAA,QAEJ;AAAA,MAAC;AAAA,IAEL;AAAA,IAEA;AAAA,MACED,MAAM;AAAA,MACNC,SAAS,uBAAC,SAAD;AAAA;AAAA;AAAA;AAAA,aAAI;AAAA,MACbC,UAAU;AAAA,QACR;AAAA,UACEF,MAAM;AAAA,UACNC,SACE,uBAAC,kBACC,iCAAC,mBAAD;AAAA;AAAA;AAAA;AAAA,iBAAc,KADhB;AAAA;AAAA;AAAA;AAAA,iBAEA;AAAA,QAEJ;AAAA,QACA;AAAA,UACED,MAAM;AAAA,UACNC,SACE,uBAAC,kBACC,iCAAC,iBAAD;AAAA;AAAA;AAAA;AAAA,iBAAY,KADd;AAAA;AAAA;AAAA;AAAA,iBAEA;AAAA,QAEJ;AAAA,QACA;AAAA,UACED,MAAM;AAAA,UACNC,SACE,uBAAC,kBACC,iCAAC,cAAD;AAAA;AAAA;AAAA;AAAA,iBAAS,KADX;AAAA;AAAA;AAAA;AAAA,iBAEA;AAAA,QAEJ;AAAA,QACA;AAAA,UACED,MAAM;AAAA,UACNC,SACE,uBAAC,kBACC,iCAAC,gBAAD;AAAA;AAAA;AAAA;AAAA,iBAAW,KADb;AAAA;AAAA;AAAA;AAAA,iBAEA;AAAA,QAEJ;AAAA,QACA;AAAA,UACED,MAAM;AAAA,UACNC,SACE,uBAAC,kBACC,iCAAC,cAAD;AAAA;AAAA;AAAA;AAAA,iBAAS,KADX;AAAA;AAAA;AAAA;AAAA,iBAEA;AAAA,QAEJ;AAAA,QACA;AAAA,UACED,MAAM;AAAA,UACNC,SACE,uBAAC,kBACC,iCAAC,cAAD;AAAA;AAAA;AAAA;AAAA,iBAAS,KADX;AAAA;AAAA;AAAA;AAAA,iBAEA;AAAA,QAEJ;AAAA,QACA;AAAA,UACED,MAAM;AAAA,UACNC,SACE,uBAAC,kBACC,iCAAC,iBAAD;AAAA;AAAA;AAAA;AAAA,iBAAY,KADd;AAAA;AAAA;AAAA;AAAA,iBAEA;AAAA,QAEJ;AAAA,QACA;AAAA,UACED,MAAM;AAAA,UACNC,SACE,uBAAC,kBACC,iCAAC,iBAAD;AAAA;AAAA;AAAA;AAAA,iBAAY,KADd;AAAA;AAAA;AAAA;AAAA,iBAEA;AAAA,QAEJ;AAAA,MAAC;AAAA,IAEL;AAAA,IAEA;AAAA,MACED,MAAM;AAAA,MACNC,SAAS,uBAAC,kBAAD;AAAA;AAAA;AAAA;AAAA,aAAa;AAAA,IACxB;AAAA,EAAC;AACF",
      "names": [
        "createBrowserRouter",
        "Navigate",
        "App",
        "HomePage",
        "HomeAfterPage",
        "CatalogPage",
        "MoodPage",
        "GardenPage",
        "CartPage",
        "MenuPage",
        "LoginPage",
        "RegisterPage",
        "BlankLayout",
        "NotFoundPage",
        "AboutUsPage",
        "ProfilePage",
        "ProtectedRoute",
        "PublicRoute",
        "router",
        "path",
        "element",
        "children",
        "index"
      ],
      "ignoreList": [],
      "sources": ["/Users/tinnie/Desktop/EFFLORENSE tina/efflorense/src/app/router.tsx"],
      "file": "/Users/tinnie/Desktop/EFFLORENSE tina/efflorense/src/app/router.tsx"
    },
    "_coverageSchema": "1a1c01bbd47fc00a2c39e90264f33305004495a9",
    "hash": "524e3c5617a1b80912a26117e3a94417f4c7c858"
  },
  "/Users/tinnie/Desktop/EFFLORENSE tina/efflorense/src/main.tsx": {
    "path": "/Users/tinnie/Desktop/EFFLORENSE tina/efflorense/src/main.tsx",
    "statementMap": {
      "0": {
        "start": {
          "line": 8,
          "column": 0
        },
        "end": {
          "line": 22,
          "column": 2
        }
      }
    },
    "fnMap": {},
    "branchMap": {},
    "s": {
      "0": 2
    },
    "f": {},
    "b": {},
    "inputSourceMap": {
      "version": 3,
      "mappings": "AAUM;AAVN,OAAOA,WAAW;AAClB,OAAOC,cAAc;AACrB,SAASC,sBAAsB;AAC/B,SAASC,cAAc;AACvB,SAASC,oBAAoB;AAC7B,OAAO;AAEPH,SAASI,WAAWC,SAASC,eAAe,MAAM,CAAE,EAAEC;AAAAA,EACpD,uBAAC,MAAM,YAAN,EACC,iCAAC,gBACC,iCAAC,kBAAe,UAAhB;AAAA;AAAA;AAAA;AAAA,SAA+B,KADjC;AAAA;AAAA;AAAA;AAAA,SAEA,KAHF;AAAA;AAAA;AAAA;AAAA,SAIA;AACF",
      "names": [
        "React",
        "ReactDOM",
        "RouterProvider",
        "router",
        "AuthProvider",
        "createRoot",
        "document",
        "getElementById",
        "render"
      ],
      "ignoreList": [],
      "sources": ["/Users/tinnie/Desktop/EFFLORENSE tina/efflorense/src/main.tsx"],
      "file": "/Users/tinnie/Desktop/EFFLORENSE tina/efflorense/src/main.tsx"
    },
    "_coverageSchema": "1a1c01bbd47fc00a2c39e90264f33305004495a9",
    "hash": "4658e2cbe3d905e03935f650ec608390c54d9a95"
  }
}
